{"/Users/alexander.grisales/Projects/Personal/cafeto-software/appMobileCafeto/src/config/index.ts": {"path":"/Users/alexander.grisales/Projects/Personal/cafeto-software/appMobileCafeto/src/config/index.ts","statementMap":{"0":{"start":{"line":3,"column":22},"end":{"line":5,"column":1}}},"fnMap":{},"branchMap":{},"s":{"0":0},"f":{},"b":{},"hash":"79309ce7a56c899635da0636db2105177ac39867"}
,"/Users/alexander.grisales/Projects/Personal/cafeto-software/appMobileCafeto/src/containers/login/login-interface.ts": {"path":"/Users/alexander.grisales/Projects/Personal/cafeto-software/appMobileCafeto/src/containers/login/login-interface.ts","statementMap":{},"fnMap":{},"branchMap":{},"s":{},"f":{},"b":{},"hash":"6e0c265f91d3ed7c9669bb9c07788b00cdb57589"}
,"/Users/alexander.grisales/Projects/Personal/cafeto-software/appMobileCafeto/src/containers/login/actions/index.ts": {"path":"/Users/alexander.grisales/Projects/Personal/cafeto-software/appMobileCafeto/src/containers/login/actions/index.ts","statementMap":{"0":{"start":{"line":12,"column":21},"end":{"line":15,"column":2}},"1":{"start":{"line":12,"column":42},"end":{"line":15,"column":1}},"2":{"start":{"line":17,"column":28},"end":{"line":20,"column":2}},"3":{"start":{"line":17,"column":71},"end":{"line":20,"column":1}},"4":{"start":{"line":22,"column":28},"end":{"line":25,"column":2}},"5":{"start":{"line":22,"column":49},"end":{"line":25,"column":1}},"6":{"start":{"line":27,"column":25},"end":{"line":30,"column":2}},"7":{"start":{"line":27,"column":47},"end":{"line":30,"column":1}},"8":{"start":{"line":32,"column":24},"end":{"line":38,"column":1}},"9":{"start":{"line":32,"column":30},"end":{"line":38,"column":1}},"10":{"start":{"line":33,"column":4},"end":{"line":36,"column":10}},"11":{"start":{"line":35,"column":12},"end":{"line":35,"column":39}}},"fnMap":{"0":{"name":"(anonymous_0)","decl":{"start":{"line":12,"column":21},"end":{"line":12,"column":22}},"loc":{"start":{"line":12,"column":42},"end":{"line":15,"column":1}},"line":12},"1":{"name":"(anonymous_1)","decl":{"start":{"line":17,"column":28},"end":{"line":17,"column":29}},"loc":{"start":{"line":17,"column":71},"end":{"line":20,"column":1}},"line":17},"2":{"name":"(anonymous_2)","decl":{"start":{"line":22,"column":28},"end":{"line":22,"column":29}},"loc":{"start":{"line":22,"column":49},"end":{"line":25,"column":1}},"line":22},"3":{"name":"(anonymous_3)","decl":{"start":{"line":27,"column":25},"end":{"line":27,"column":26}},"loc":{"start":{"line":27,"column":47},"end":{"line":30,"column":1}},"line":27},"4":{"name":"(anonymous_4)","decl":{"start":{"line":32,"column":24},"end":{"line":32,"column":25}},"loc":{"start":{"line":32,"column":30},"end":{"line":38,"column":1}},"line":32},"5":{"name":"(anonymous_5)","decl":{"start":{"line":32,"column":30},"end":{"line":32,"column":31}},"loc":{"start":{"line":32,"column":42},"end":{"line":38,"column":1}},"line":32},"6":{"name":"(anonymous_6)","decl":{"start":{"line":34,"column":14},"end":{"line":34,"column":15}},"loc":{"start":{"line":34,"column":23},"end":{"line":36,"column":9}},"line":34}},"branchMap":{},"s":{"0":0,"1":0,"2":0,"3":0,"4":0,"5":0,"6":0,"7":0,"8":0,"9":0,"10":0,"11":0},"f":{"0":0,"1":0,"2":0,"3":0,"4":0,"5":0,"6":0},"b":{},"hash":"18cd0a98a17199d53013e01dd9bf7ff9268b1dab"}
,"/Users/alexander.grisales/Projects/Personal/cafeto-software/appMobileCafeto/src/containers/login/reducers/index.ts": {"path":"/Users/alexander.grisales/Projects/Personal/cafeto-software/appMobileCafeto/src/containers/login/reducers/index.ts","statementMap":{"0":{"start":{"line":11,"column":33},"end":{"line":16,"column":1}},"1":{"start":{"line":18,"column":31},"end":{"line":18,"column":38}},"2":{"start":{"line":20,"column":28},"end":{"line":47,"column":1}},"3":{"start":{"line":21,"column":4},"end":{"line":46,"column":5}},"4":{"start":{"line":23,"column":12},"end":{"line":26,"column":13}},"5":{"start":{"line":28,"column":48},"end":{"line":28,"column":54}},"6":{"start":{"line":29,"column":12},"end":{"line":35,"column":13}},"7":{"start":{"line":37,"column":12},"end":{"line":41,"column":13}},"8":{"start":{"line":43,"column":12},"end":{"line":43,"column":55}},"9":{"start":{"line":45,"column":12},"end":{"line":45,"column":25}}},"fnMap":{"0":{"name":"(anonymous_0)","decl":{"start":{"line":20,"column":28},"end":{"line":20,"column":29}},"loc":{"start":{"line":20,"column":67},"end":{"line":47,"column":1}},"line":20}},"branchMap":{"0":{"loc":{"start":{"line":20,"column":29},"end":{"line":20,"column":49}},"type":"default-arg","locations":[{"start":{"line":20,"column":37},"end":{"line":20,"column":49}}],"line":20},"1":{"loc":{"start":{"line":21,"column":4},"end":{"line":46,"column":5}},"type":"switch","locations":[{"start":{"line":22,"column":8},"end":{"line":26,"column":13}},{"start":{"line":27,"column":8},"end":{"line":35,"column":13}},{"start":{"line":36,"column":8},"end":{"line":41,"column":13}},{"start":{"line":42,"column":8},"end":{"line":43,"column":55}},{"start":{"line":44,"column":8},"end":{"line":45,"column":25}}],"line":21}},"s":{"0":0,"1":0,"2":0,"3":0,"4":0,"5":0,"6":0,"7":0,"8":0,"9":0},"f":{"0":0},"b":{"0":[0],"1":[0,0,0,0,0]},"hash":"5b13dd77ec1375fd7faf5c7d53376edea797a7ea"}
,"/Users/alexander.grisales/Projects/Personal/cafeto-software/appMobileCafeto/src/containers/login/selectors/index.ts": {"path":"/Users/alexander.grisales/Projects/Personal/cafeto-software/appMobileCafeto/src/containers/login/selectors/index.ts","statementMap":{"0":{"start":{"line":5,"column":32},"end":{"line":5,"column":63}},"1":{"start":{"line":5,"column":41},"end":{"line":5,"column":63}},"2":{"start":{"line":7,"column":27},"end":{"line":10,"column":1}},"3":{"start":{"line":9,"column":27},"end":{"line":9,"column":38}}},"fnMap":{"0":{"name":"(anonymous_0)","decl":{"start":{"line":5,"column":32},"end":{"line":5,"column":33}},"loc":{"start":{"line":5,"column":41},"end":{"line":5,"column":63}},"line":5},"1":{"name":"(anonymous_1)","decl":{"start":{"line":9,"column":4},"end":{"line":9,"column":5}},"loc":{"start":{"line":9,"column":27},"end":{"line":9,"column":38}},"line":9}},"branchMap":{},"s":{"0":0,"1":0,"2":0,"3":0},"f":{"0":0,"1":0},"b":{},"hash":"fbe2d62f3efa9b54127d3a32dae0ab587f985f76"}
,"/Users/alexander.grisales/Projects/Personal/cafeto-software/appMobileCafeto/src/store/index.ts": {"path":"/Users/alexander.grisales/Projects/Personal/cafeto-software/appMobileCafeto/src/store/index.ts","statementMap":{"0":{"start":{"line":6,"column":18},"end":{"line":8,"column":1}},"1":{"start":{"line":15,"column":25},"end":{"line":17,"column":12}},"2":{"start":{"line":20,"column":17},"end":{"line":20,"column":47}},"3":{"start":{"line":23,"column":14},"end":{"line":27,"column":1}}},"fnMap":{},"branchMap":{"0":{"loc":{"start":{"line":15,"column":25},"end":{"line":17,"column":12}},"type":"binary-expr","locations":[{"start":{"line":16,"column":4},"end":{"line":16,"column":39}},{"start":{"line":16,"column":43},"end":{"line":16,"column":80}},{"start":{"line":17,"column":5},"end":{"line":17,"column":12}}],"line":15}},"s":{"0":0,"1":0,"2":0,"3":0},"f":{},"b":{"0":[0,0,0]},"hash":"b782bf10b82e7e00af601a39f0e0be72d7723c7d"}
,"/Users/alexander.grisales/Projects/Personal/cafeto-software/appMobileCafeto/src/store/middleware/index.ts": {"path":"/Users/alexander.grisales/Projects/Personal/cafeto-software/appMobileCafeto/src/store/middleware/index.ts","statementMap":{},"fnMap":{},"branchMap":{},"s":{},"f":{},"b":{},"hash":"60071f615b510822cf130e7897ac5985d8ff4828"}
,"/Users/alexander.grisales/Projects/Personal/cafeto-software/appMobileCafeto/src/store/reducers/index.ts": {"path":"/Users/alexander.grisales/Projects/Personal/cafeto-software/appMobileCafeto/src/store/reducers/index.ts","statementMap":{},"fnMap":{},"branchMap":{},"s":{},"f":{},"b":{},"hash":"db9a45f51773e61d572f330d68b2ab3e83215362"}
,"/Users/alexander.grisales/Projects/Personal/cafeto-software/appMobileCafeto/src/utils/authentication.ts": {"path":"/Users/alexander.grisales/Projects/Personal/cafeto-software/appMobileCafeto/src/utils/authentication.ts","statementMap":{"0":{"start":{"line":3,"column":35},"end":{"line":3,"column":58}},"1":{"start":{"line":5,"column":38},"end":{"line":8,"column":1}},"2":{"start":{"line":6,"column":4},"end":{"line":6,"column":60}},"3":{"start":{"line":10,"column":38},"end":{"line":12,"column":1}},"4":{"start":{"line":11,"column":4},"end":{"line":11,"column":67}},"5":{"start":{"line":14,"column":40},"end":{"line":16,"column":1}},"6":{"start":{"line":15,"column":4},"end":{"line":15,"column":63}}},"fnMap":{"0":{"name":"(anonymous_0)","decl":{"start":{"line":5,"column":38},"end":{"line":5,"column":39}},"loc":{"start":{"line":5,"column":50},"end":{"line":8,"column":1}},"line":5},"1":{"name":"(anonymous_1)","decl":{"start":{"line":10,"column":38},"end":{"line":10,"column":39}},"loc":{"start":{"line":10,"column":63},"end":{"line":12,"column":1}},"line":10},"2":{"name":"(anonymous_2)","decl":{"start":{"line":14,"column":40},"end":{"line":14,"column":41}},"loc":{"start":{"line":14,"column":52},"end":{"line":16,"column":1}},"line":14}},"branchMap":{},"s":{"0":0,"1":0,"2":0,"3":0,"4":0,"5":0,"6":0},"f":{"0":0,"1":0,"2":0},"b":{},"hash":"172163c29b56b069f15a41a4c3a877bc67e30f4c"}
,"/Users/alexander.grisales/Projects/Personal/cafeto-software/appMobileCafeto/src/utils/theme/button.ts": {"path":"/Users/alexander.grisales/Projects/Personal/cafeto-software/appMobileCafeto/src/utils/theme/button.ts","statementMap":{"0":{"start":{"line":4,"column":49},"end":{"line":4,"column":55}},"1":{"start":{"line":6,"column":22},"end":{"line":9,"column":1}},"2":{"start":{"line":11,"column":34},"end":{"line":21,"column":1}}},"fnMap":{},"branchMap":{},"s":{"0":0,"1":0,"2":0},"f":{},"b":{},"hash":"2a5e1b85f1157073eb9147f0a698de4f0a8db6e4"}
,"/Users/alexander.grisales/Projects/Personal/cafeto-software/appMobileCafeto/src/utils/theme/colors.ts": {"path":"/Users/alexander.grisales/Projects/Personal/cafeto-software/appMobileCafeto/src/utils/theme/colors.ts","statementMap":{"0":{"start":{"line":1,"column":22},"end":{"line":10,"column":1}}},"fnMap":{},"branchMap":{},"s":{"0":0},"f":{},"b":{},"hash":"73ebc7ff6ef1c2cbbb56d4d58b68ac342f83b160"}
,"/Users/alexander.grisales/Projects/Personal/cafeto-software/appMobileCafeto/src/utils/theme/index.ts": {"path":"/Users/alexander.grisales/Projects/Personal/cafeto-software/appMobileCafeto/src/utils/theme/index.ts","statementMap":{},"fnMap":{},"branchMap":{},"s":{},"f":{},"b":{},"hash":"8695a06c2e3f8a628a38233631715dd3dff37fc1"}
,"/Users/alexander.grisales/Projects/Personal/cafeto-software/appMobileCafeto/src/utils/theme/text-input.ts": {"path":"/Users/alexander.grisales/Projects/Personal/cafeto-software/appMobileCafeto/src/utils/theme/text-input.ts","statementMap":{"0":{"start":{"line":4,"column":25},"end":{"line":4,"column":31}},"1":{"start":{"line":6,"column":22},"end":{"line":10,"column":1}},"2":{"start":{"line":11,"column":37},"end":{"line":16,"column":1}},"3":{"start":{"line":18,"column":36},"end":{"line":23,"column":1}}},"fnMap":{},"branchMap":{},"s":{"0":0,"1":0,"2":0,"3":0},"f":{},"b":{},"hash":"dc288469576ad6524fd8783ac35eafabb2fdd978"}
,"/Users/alexander.grisales/Projects/Personal/cafeto-software/appMobileCafeto/src/utils/theme/validations.ts": {"path":"/Users/alexander.grisales/Projects/Personal/cafeto-software/appMobileCafeto/src/utils/theme/validations.ts","statementMap":{"0":{"start":{"line":5,"column":25},"end":{"line":5,"column":31}},"1":{"start":{"line":7,"column":32},"end":{"line":18,"column":1}}},"fnMap":{},"branchMap":{},"s":{"0":0,"1":0},"f":{},"b":{},"hash":"c0289cc743bce06316863e230ba8c8fea2eae79d"}
,"/Users/alexander.grisales/Projects/Personal/cafeto-software/appMobileCafeto/src/utils/validations/validations.ts": {"path":"/Users/alexander.grisales/Projects/Personal/cafeto-software/appMobileCafeto/src/utils/validations/validations.ts","statementMap":{"0":{"start":{"line":1,"column":29},"end":{"line":1,"column":116}},"1":{"start":{"line":1,"column":57},"end":{"line":1,"column":116}},"2":{"start":{"line":3,"column":25},"end":{"line":3,"column":92}},"3":{"start":{"line":3,"column":66},"end":{"line":3,"column":92}}},"fnMap":{"0":{"name":"(anonymous_0)","decl":{"start":{"line":1,"column":29},"end":{"line":1,"column":30}},"loc":{"start":{"line":1,"column":57},"end":{"line":1,"column":116}},"line":1},"1":{"name":"(anonymous_1)","decl":{"start":{"line":3,"column":25},"end":{"line":3,"column":26}},"loc":{"start":{"line":3,"column":66},"end":{"line":3,"column":92}},"line":3}},"branchMap":{"0":{"loc":{"start":{"line":3,"column":67},"end":{"line":3,"column":78}},"type":"binary-expr","locations":[{"start":{"line":3,"column":67},"end":{"line":3,"column":72}},{"start":{"line":3,"column":76},"end":{"line":3,"column":78}}],"line":3}},"s":{"0":1,"1":2,"2":1,"3":3},"f":{"0":2,"1":3},"b":{"0":[3,1]},"_coverageSchema":"43e27e138ebf9cfc5966b082cf9a028302ed4184","hash":"dd2a4497e11479614a606ff747e98e321bc1b064"}
}
