{"/Users/alexander.grisales/Projects/Personal/cafeto-software/appMobileCafeto/src/app-interface.ts": {"path":"/Users/alexander.grisales/Projects/Personal/cafeto-software/appMobileCafeto/src/app-interface.ts","statementMap":{},"fnMap":{},"branchMap":{},"s":{},"f":{},"b":{},"hash":"029ee0092189307e4375b5035e5a20dbc807fc17"}
,"/Users/alexander.grisales/Projects/Personal/cafeto-software/appMobileCafeto/src/components/index.ts": {"path":"/Users/alexander.grisales/Projects/Personal/cafeto-software/appMobileCafeto/src/components/index.ts","statementMap":{},"fnMap":{},"branchMap":{},"s":{},"f":{},"b":{},"hash":"a781e01e0091840dba6c697fa3dd04268ac43a8a"}
,"/Users/alexander.grisales/Projects/Personal/cafeto-software/appMobileCafeto/src/components/button/interface.ts": {"path":"/Users/alexander.grisales/Projects/Personal/cafeto-software/appMobileCafeto/src/components/button/interface.ts","statementMap":{},"fnMap":{},"branchMap":{},"s":{},"f":{},"b":{},"hash":"103c214725745ff25edb072232050ff3eb73a442"}
,"/Users/alexander.grisales/Projects/Personal/cafeto-software/appMobileCafeto/src/components/card/card-interface.ts": {"path":"/Users/alexander.grisales/Projects/Personal/cafeto-software/appMobileCafeto/src/components/card/card-interface.ts","statementMap":{},"fnMap":{},"branchMap":{},"s":{},"f":{},"b":{},"hash":"e9f4c33629ba2ee982148c9a1a680661d42a610a"}
,"/Users/alexander.grisales/Projects/Personal/cafeto-software/appMobileCafeto/src/components/card/index.ts": {"path":"/Users/alexander.grisales/Projects/Personal/cafeto-software/appMobileCafeto/src/components/card/index.ts","statementMap":{},"fnMap":{},"branchMap":{},"s":{},"f":{},"b":{},"hash":"ca0427b20b761d31bdab10478f6c3127481a8f01"}
,"/Users/alexander.grisales/Projects/Personal/cafeto-software/appMobileCafeto/src/components/card/styles.ts": {"path":"/Users/alexander.grisales/Projects/Personal/cafeto-software/appMobileCafeto/src/components/card/styles.ts","statementMap":{"0":{"start":{"line":3,"column":22},"end":{"line":5,"column":1}}},"fnMap":{},"branchMap":{},"s":{"0":0},"f":{},"b":{},"hash":"656e0508d43bd191cd4ba9e82b4b60171e83460f"}
,"/Users/alexander.grisales/Projects/Personal/cafeto-software/appMobileCafeto/src/components/footer/interface.ts": {"path":"/Users/alexander.grisales/Projects/Personal/cafeto-software/appMobileCafeto/src/components/footer/interface.ts","statementMap":{},"fnMap":{},"branchMap":{},"s":{},"f":{},"b":{},"hash":"0904f989415648c3b2f1e07300c0558910ad0486"}
,"/Users/alexander.grisales/Projects/Personal/cafeto-software/appMobileCafeto/src/components/footer/styles.ts": {"path":"/Users/alexander.grisales/Projects/Personal/cafeto-software/appMobileCafeto/src/components/footer/styles.ts","statementMap":{},"fnMap":{},"branchMap":{},"s":{},"f":{},"b":{},"hash":"d1630e10397a143e312ef6ece943a4762015cb18"}
,"/Users/alexander.grisales/Projects/Personal/cafeto-software/appMobileCafeto/src/components/form/index.ts": {"path":"/Users/alexander.grisales/Projects/Personal/cafeto-software/appMobileCafeto/src/components/form/index.ts","statementMap":{},"fnMap":{},"branchMap":{},"s":{},"f":{},"b":{},"hash":"6e9cf9d8e47f07e78e30e17499997bc501e2a482"}
,"/Users/alexander.grisales/Projects/Personal/cafeto-software/appMobileCafeto/src/components/form/text-input/interface.ts": {"path":"/Users/alexander.grisales/Projects/Personal/cafeto-software/appMobileCafeto/src/components/form/text-input/interface.ts","statementMap":{},"fnMap":{},"branchMap":{},"s":{},"f":{},"b":{},"hash":"6d8745d83e9687c2d613fc8a8c0ef03b37d337c1"}
,"/Users/alexander.grisales/Projects/Personal/cafeto-software/appMobileCafeto/src/components/form/text-input/styles.ts": {"path":"/Users/alexander.grisales/Projects/Personal/cafeto-software/appMobileCafeto/src/components/form/text-input/styles.ts","statementMap":{},"fnMap":{},"branchMap":{},"s":{},"f":{},"b":{},"hash":"520f2e6d78e5330c8853ad272564573182239caf"}
,"/Users/alexander.grisales/Projects/Personal/cafeto-software/appMobileCafeto/src/components/image-picker/config.ts": {"path":"/Users/alexander.grisales/Projects/Personal/cafeto-software/appMobileCafeto/src/components/image-picker/config.ts","statementMap":{"0":{"start":{"line":1,"column":22},"end":{"line":9,"column":1}}},"fnMap":{},"branchMap":{},"s":{"0":0},"f":{},"b":{},"hash":"847dcb4f539ab653aab77e5bbef09c95bec9023f"}
,"/Users/alexander.grisales/Projects/Personal/cafeto-software/appMobileCafeto/src/components/image-picker/interface.ts": {"path":"/Users/alexander.grisales/Projects/Personal/cafeto-software/appMobileCafeto/src/components/image-picker/interface.ts","statementMap":{},"fnMap":{},"branchMap":{},"s":{},"f":{},"b":{},"hash":"e89c8759ddaef196eb4d14fdac54687246c83652"}
,"/Users/alexander.grisales/Projects/Personal/cafeto-software/appMobileCafeto/src/components/image-picker/styles.ts": {"path":"/Users/alexander.grisales/Projects/Personal/cafeto-software/appMobileCafeto/src/components/image-picker/styles.ts","statementMap":{},"fnMap":{},"branchMap":{},"s":{},"f":{},"b":{},"hash":"17c045a91bd345d408b3cd15154c93afce5a1cd0"}
,"/Users/alexander.grisales/Projects/Personal/cafeto-software/appMobileCafeto/src/components/loading-indicator/styles.ts": {"path":"/Users/alexander.grisales/Projects/Personal/cafeto-software/appMobileCafeto/src/components/loading-indicator/styles.ts","statementMap":{"0":{"start":{"line":3,"column":22},"end":{"line":13,"column":2}}},"fnMap":{},"branchMap":{},"s":{"0":0},"f":{},"b":{},"hash":"bcc5b3f4d8b9b1df0b284dcf2ff2c5a8dbf14c44"}
,"/Users/alexander.grisales/Projects/Personal/cafeto-software/appMobileCafeto/src/components/map-box/interface.ts": {"path":"/Users/alexander.grisales/Projects/Personal/cafeto-software/appMobileCafeto/src/components/map-box/interface.ts","statementMap":{},"fnMap":{},"branchMap":{},"s":{},"f":{},"b":{},"hash":"519f9d750b2971f380d97db03e75520bb15ccae6"}
,"/Users/alexander.grisales/Projects/Personal/cafeto-software/appMobileCafeto/src/components/map-box/styles.ts": {"path":"/Users/alexander.grisales/Projects/Personal/cafeto-software/appMobileCafeto/src/components/map-box/styles.ts","statementMap":{"0":{"start":{"line":2,"column":13},"end":{"line":2,"column":57}},"1":{"start":{"line":19,"column":25},"end":{"line":23,"column":1}}},"fnMap":{},"branchMap":{},"s":{"0":0,"1":0},"f":{},"b":{},"hash":"bd7968da0bc4001dd06212453f411df950b25de0"}
,"/Users/alexander.grisales/Projects/Personal/cafeto-software/appMobileCafeto/src/config/config-service.ts": {"path":"/Users/alexander.grisales/Projects/Personal/cafeto-software/appMobileCafeto/src/config/config-service.ts","statementMap":{"0":{"start":{"line":7,"column":2},"end":{"line":7,"column":26}},"1":{"start":{"line":11,"column":29},"end":{"line":11,"column":61}}},"fnMap":{"0":{"name":"(anonymous_0)","decl":{"start":{"line":4,"column":1},"end":{"line":4,"column":2}},"loc":{"start":{"line":4,"column":43},"end":{"line":4,"column":45}},"line":4},"1":{"name":"(anonymous_1)","decl":{"start":{"line":6,"column":1},"end":{"line":6,"column":2}},"loc":{"start":{"line":6,"column":18},"end":{"line":8,"column":2}},"line":6}},"branchMap":{},"s":{"0":0,"1":0},"f":{"0":0,"1":0},"b":{},"hash":"cdca148184764a5bf7c81c3180e5e26a303d37ae"}
,"/Users/alexander.grisales/Projects/Personal/cafeto-software/appMobileCafeto/src/config/configuration.ts": {"path":"/Users/alexander.grisales/Projects/Personal/cafeto-software/appMobileCafeto/src/config/configuration.ts","statementMap":{},"fnMap":{},"branchMap":{},"s":{},"f":{},"b":{},"hash":"e38a5af5ee7bb71580d6f89678afdff97356b5a8"}
,"/Users/alexander.grisales/Projects/Personal/cafeto-software/appMobileCafeto/src/config/index.ts": {"path":"/Users/alexander.grisales/Projects/Personal/cafeto-software/appMobileCafeto/src/config/index.ts","statementMap":{},"fnMap":{},"branchMap":{},"s":{},"f":{},"b":{},"hash":"b01cde3585114a32ac67c22945aaed45f01aa4f5"}
,"/Users/alexander.grisales/Projects/Personal/cafeto-software/appMobileCafeto/src/containers/event-detail/interface.ts": {"path":"/Users/alexander.grisales/Projects/Personal/cafeto-software/appMobileCafeto/src/containers/event-detail/interface.ts","statementMap":{},"fnMap":{},"branchMap":{},"s":{},"f":{},"b":{},"hash":"8a0046ec041b699f32175aaf335bd0be5b7aed94"}
,"/Users/alexander.grisales/Projects/Personal/cafeto-software/appMobileCafeto/src/containers/event-detail/styles.ts": {"path":"/Users/alexander.grisales/Projects/Personal/cafeto-software/appMobileCafeto/src/containers/event-detail/styles.ts","statementMap":{},"fnMap":{},"branchMap":{},"s":{},"f":{},"b":{},"hash":"8c8821a51b4918bdc4c669a73658b320dca8a7ea"}
,"/Users/alexander.grisales/Projects/Personal/cafeto-software/appMobileCafeto/src/containers/event-detail/actions/index.ts": {"path":"/Users/alexander.grisales/Projects/Personal/cafeto-software/appMobileCafeto/src/containers/event-detail/actions/index.ts","statementMap":{"0":{"start":{"line":4,"column":23},"end":{"line":7,"column":2}},"1":{"start":{"line":4,"column":77},"end":{"line":7,"column":1}},"2":{"start":{"line":9,"column":34},"end":{"line":12,"column":2}},"3":{"start":{"line":9,"column":80},"end":{"line":12,"column":1}},"4":{"start":{"line":14,"column":34},"end":{"line":17,"column":2}},"5":{"start":{"line":14,"column":80},"end":{"line":17,"column":1}},"6":{"start":{"line":19,"column":27},"end":{"line":31,"column":1}},"7":{"start":{"line":19,"column":48},"end":{"line":31,"column":1}},"8":{"start":{"line":20,"column":1},"end":{"line":20,"column":21}},"9":{"start":{"line":21,"column":1},"end":{"line":30,"column":5}},"10":{"start":{"line":24,"column":3},"end":{"line":24,"column":28}},"11":{"start":{"line":25,"column":3},"end":{"line":25,"column":71}},"12":{"start":{"line":28,"column":3},"end":{"line":28,"column":39}},"13":{"start":{"line":29,"column":3},"end":{"line":29,"column":28}}},"fnMap":{"0":{"name":"(anonymous_0)","decl":{"start":{"line":4,"column":23},"end":{"line":4,"column":24}},"loc":{"start":{"line":4,"column":77},"end":{"line":7,"column":1}},"line":4},"1":{"name":"(anonymous_1)","decl":{"start":{"line":9,"column":34},"end":{"line":9,"column":35}},"loc":{"start":{"line":9,"column":80},"end":{"line":12,"column":1}},"line":9},"2":{"name":"(anonymous_2)","decl":{"start":{"line":14,"column":34},"end":{"line":14,"column":35}},"loc":{"start":{"line":14,"column":80},"end":{"line":17,"column":1}},"line":14},"3":{"name":"(anonymous_3)","decl":{"start":{"line":19,"column":27},"end":{"line":19,"column":28}},"loc":{"start":{"line":19,"column":48},"end":{"line":31,"column":1}},"line":19},"4":{"name":"(anonymous_4)","decl":{"start":{"line":19,"column":48},"end":{"line":19,"column":49}},"loc":{"start":{"line":19,"column":62},"end":{"line":31,"column":1}},"line":19},"5":{"name":"(anonymous_5)","decl":{"start":{"line":23,"column":8},"end":{"line":23,"column":9}},"loc":{"start":{"line":23,"column":15},"end":{"line":26,"column":3}},"line":23},"6":{"name":"(anonymous_6)","decl":{"start":{"line":27,"column":9},"end":{"line":27,"column":10}},"loc":{"start":{"line":27,"column":20},"end":{"line":30,"column":3}},"line":27}},"branchMap":{"0":{"loc":{"start":{"line":4,"column":24},"end":{"line":4,"column":47}},"type":"default-arg","locations":[{"start":{"line":4,"column":43},"end":{"line":4,"column":47}}],"line":4}},"s":{"0":0,"1":0,"2":0,"3":0,"4":0,"5":0,"6":0,"7":0,"8":0,"9":0,"10":0,"11":0,"12":0,"13":0},"f":{"0":0,"1":0,"2":0,"3":0,"4":0,"5":0,"6":0},"b":{"0":[0]},"hash":"fbb55fb91c82e46eace4eb514059197625a3b3d2"}
,"/Users/alexander.grisales/Projects/Personal/cafeto-software/appMobileCafeto/src/containers/event-detail/actions/interface.ts": {"path":"/Users/alexander.grisales/Projects/Personal/cafeto-software/appMobileCafeto/src/containers/event-detail/actions/interface.ts","statementMap":{},"fnMap":{},"branchMap":{},"s":{},"f":{},"b":{},"hash":"5e55db4eac25147e80dbf1f60bad82a571b87f30"}
,"/Users/alexander.grisales/Projects/Personal/cafeto-software/appMobileCafeto/src/containers/event-detail/components/index.ts": {"path":"/Users/alexander.grisales/Projects/Personal/cafeto-software/appMobileCafeto/src/containers/event-detail/components/index.ts","statementMap":{},"fnMap":{},"branchMap":{},"s":{},"f":{},"b":{},"hash":"d51ec56136106a212790cb1a69cb80e76453a6b3"}
,"/Users/alexander.grisales/Projects/Personal/cafeto-software/appMobileCafeto/src/containers/event-detail/components/footer-actions/interface.ts": {"path":"/Users/alexander.grisales/Projects/Personal/cafeto-software/appMobileCafeto/src/containers/event-detail/components/footer-actions/interface.ts","statementMap":{},"fnMap":{},"branchMap":{},"s":{},"f":{},"b":{},"hash":"1b5da665475f04c4ff06edec4e941de2d1683733"}
,"/Users/alexander.grisales/Projects/Personal/cafeto-software/appMobileCafeto/src/containers/event-detail/reducers/index.ts": {"path":"/Users/alexander.grisales/Projects/Personal/cafeto-software/appMobileCafeto/src/containers/event-detail/reducers/index.ts","statementMap":{"0":{"start":{"line":3,"column":37},"end":{"line":3,"column":50}},"1":{"start":{"line":11,"column":39},"end":{"line":15,"column":1}},"2":{"start":{"line":17,"column":34},"end":{"line":28,"column":1}},"3":{"start":{"line":18,"column":1},"end":{"line":27,"column":2}},"4":{"start":{"line":20,"column":3},"end":{"line":20,"column":48}},"5":{"start":{"line":22,"column":3},"end":{"line":22,"column":49}},"6":{"start":{"line":24,"column":3},"end":{"line":24,"column":46}},"7":{"start":{"line":26,"column":3},"end":{"line":26,"column":16}}},"fnMap":{"0":{"name":"(anonymous_0)","decl":{"start":{"line":17,"column":34},"end":{"line":17,"column":35}},"loc":{"start":{"line":17,"column":92},"end":{"line":28,"column":1}},"line":17}},"branchMap":{"0":{"loc":{"start":{"line":17,"column":35},"end":{"line":17,"column":55}},"type":"default-arg","locations":[{"start":{"line":17,"column":43},"end":{"line":17,"column":55}}],"line":17},"1":{"loc":{"start":{"line":18,"column":1},"end":{"line":27,"column":2}},"type":"switch","locations":[{"start":{"line":19,"column":2},"end":{"line":20,"column":48}},{"start":{"line":21,"column":2},"end":{"line":22,"column":49}},{"start":{"line":23,"column":2},"end":{"line":24,"column":46}},{"start":{"line":25,"column":2},"end":{"line":26,"column":16}}],"line":18}},"s":{"0":0,"1":0,"2":0,"3":0,"4":0,"5":0,"6":0,"7":0},"f":{"0":0},"b":{"0":[0],"1":[0,0,0,0]},"hash":"bd60e9b477ab64ea9462d1e6e15f89083186e572"}
,"/Users/alexander.grisales/Projects/Personal/cafeto-software/appMobileCafeto/src/containers/event-detail/selectors/index.ts": {"path":"/Users/alexander.grisales/Projects/Personal/cafeto-software/appMobileCafeto/src/containers/event-detail/selectors/index.ts","statementMap":{"0":{"start":{"line":4,"column":26},"end":{"line":4,"column":65}},"1":{"start":{"line":4,"column":37},"end":{"line":4,"column":65}},"2":{"start":{"line":6,"column":29},"end":{"line":6,"column":106}},"3":{"start":{"line":6,"column":92},"end":{"line":6,"column":105}},"4":{"start":{"line":8,"column":27},"end":{"line":8,"column":102}},"5":{"start":{"line":8,"column":90},"end":{"line":8,"column":101}},"6":{"start":{"line":10,"column":30},"end":{"line":10,"column":108}},"7":{"start":{"line":10,"column":93},"end":{"line":10,"column":107}}},"fnMap":{"0":{"name":"(anonymous_0)","decl":{"start":{"line":4,"column":26},"end":{"line":4,"column":27}},"loc":{"start":{"line":4,"column":37},"end":{"line":4,"column":65}},"line":4},"1":{"name":"(anonymous_1)","decl":{"start":{"line":6,"column":63},"end":{"line":6,"column":64}},"loc":{"start":{"line":6,"column":92},"end":{"line":6,"column":105}},"line":6},"2":{"name":"(anonymous_2)","decl":{"start":{"line":8,"column":61},"end":{"line":8,"column":62}},"loc":{"start":{"line":8,"column":90},"end":{"line":8,"column":101}},"line":8},"3":{"name":"(anonymous_3)","decl":{"start":{"line":10,"column":64},"end":{"line":10,"column":65}},"loc":{"start":{"line":10,"column":93},"end":{"line":10,"column":107}},"line":10}},"branchMap":{},"s":{"0":0,"1":0,"2":0,"3":0,"4":0,"5":0,"6":0,"7":0},"f":{"0":0,"1":0,"2":0,"3":0},"b":{},"hash":"cc8c0045a19969d042311385fedc91828e7e4b64"}
,"/Users/alexander.grisales/Projects/Personal/cafeto-software/appMobileCafeto/src/containers/event-form/interface.ts": {"path":"/Users/alexander.grisales/Projects/Personal/cafeto-software/appMobileCafeto/src/containers/event-form/interface.ts","statementMap":{},"fnMap":{},"branchMap":{},"s":{},"f":{},"b":{},"hash":"e11cbc8e6f032139edc325ff0ea9949cd7c290ac"}
,"/Users/alexander.grisales/Projects/Personal/cafeto-software/appMobileCafeto/src/containers/event-form/styles.ts": {"path":"/Users/alexander.grisales/Projects/Personal/cafeto-software/appMobileCafeto/src/containers/event-form/styles.ts","statementMap":{},"fnMap":{},"branchMap":{},"s":{},"f":{},"b":{},"hash":"c1f08b0b1f750c1ec6bfe92f83264ce7247536d0"}
,"/Users/alexander.grisales/Projects/Personal/cafeto-software/appMobileCafeto/src/containers/event-form/actions/index.ts": {"path":"/Users/alexander.grisales/Projects/Personal/cafeto-software/appMobileCafeto/src/containers/event-form/actions/index.ts","statementMap":{"0":{"start":{"line":4,"column":23},"end":{"line":7,"column":2}},"1":{"start":{"line":4,"column":75},"end":{"line":7,"column":1}},"2":{"start":{"line":9,"column":31},"end":{"line":12,"column":2}},"3":{"start":{"line":9,"column":72},"end":{"line":12,"column":1}},"4":{"start":{"line":14,"column":31},"end":{"line":17,"column":2}},"5":{"start":{"line":14,"column":75},"end":{"line":17,"column":1}},"6":{"start":{"line":19,"column":30},"end":{"line":31,"column":1}},"7":{"start":{"line":19,"column":67},"end":{"line":31,"column":1}},"8":{"start":{"line":20,"column":1},"end":{"line":20,"column":21}},"9":{"start":{"line":21,"column":1},"end":{"line":30,"column":5}},"10":{"start":{"line":24,"column":3},"end":{"line":24,"column":38}},"11":{"start":{"line":25,"column":3},"end":{"line":25,"column":28}},"12":{"start":{"line":28,"column":3},"end":{"line":28,"column":36}},"13":{"start":{"line":29,"column":3},"end":{"line":29,"column":28}}},"fnMap":{"0":{"name":"(anonymous_0)","decl":{"start":{"line":4,"column":23},"end":{"line":4,"column":24}},"loc":{"start":{"line":4,"column":75},"end":{"line":7,"column":1}},"line":4},"1":{"name":"(anonymous_1)","decl":{"start":{"line":9,"column":31},"end":{"line":9,"column":32}},"loc":{"start":{"line":9,"column":72},"end":{"line":12,"column":1}},"line":9},"2":{"name":"(anonymous_2)","decl":{"start":{"line":14,"column":31},"end":{"line":14,"column":32}},"loc":{"start":{"line":14,"column":75},"end":{"line":17,"column":1}},"line":14},"3":{"name":"(anonymous_3)","decl":{"start":{"line":19,"column":30},"end":{"line":19,"column":31}},"loc":{"start":{"line":19,"column":67},"end":{"line":31,"column":1}},"line":19},"4":{"name":"(anonymous_4)","decl":{"start":{"line":19,"column":67},"end":{"line":19,"column":68}},"loc":{"start":{"line":19,"column":81},"end":{"line":31,"column":1}},"line":19},"5":{"name":"(anonymous_5)","decl":{"start":{"line":23,"column":8},"end":{"line":23,"column":9}},"loc":{"start":{"line":23,"column":25},"end":{"line":26,"column":3}},"line":23},"6":{"name":"(anonymous_6)","decl":{"start":{"line":27,"column":9},"end":{"line":27,"column":10}},"loc":{"start":{"line":27,"column":20},"end":{"line":30,"column":3}},"line":27}},"branchMap":{"0":{"loc":{"start":{"line":4,"column":24},"end":{"line":4,"column":47}},"type":"default-arg","locations":[{"start":{"line":4,"column":43},"end":{"line":4,"column":47}}],"line":4}},"s":{"0":0,"1":0,"2":0,"3":0,"4":0,"5":0,"6":0,"7":0,"8":0,"9":0,"10":0,"11":0,"12":0,"13":0},"f":{"0":0,"1":0,"2":0,"3":0,"4":0,"5":0,"6":0},"b":{"0":[0]},"hash":"f31a1e11d115772c072558e67c6eb2e404bb5c98"}
,"/Users/alexander.grisales/Projects/Personal/cafeto-software/appMobileCafeto/src/containers/event-form/actions/interface.ts": {"path":"/Users/alexander.grisales/Projects/Personal/cafeto-software/appMobileCafeto/src/containers/event-form/actions/interface.ts","statementMap":{},"fnMap":{},"branchMap":{},"s":{},"f":{},"b":{},"hash":"ed255e823ff04bca5d56c82ba074b270b9a47487"}
,"/Users/alexander.grisales/Projects/Personal/cafeto-software/appMobileCafeto/src/containers/event-form/form-config/index.ts": {"path":"/Users/alexander.grisales/Projects/Personal/cafeto-software/appMobileCafeto/src/containers/event-form/form-config/index.ts","statementMap":{"0":{"start":{"line":1,"column":26},"end":{"line":28,"column":1}}},"fnMap":{},"branchMap":{},"s":{"0":0},"f":{},"b":{},"hash":"56b5ded65dc7a2972589b0cb07edea0f1bcc7ac7"}
,"/Users/alexander.grisales/Projects/Personal/cafeto-software/appMobileCafeto/src/containers/event-form/reducers/index.ts": {"path":"/Users/alexander.grisales/Projects/Personal/cafeto-software/appMobileCafeto/src/containers/event-form/reducers/index.ts","statementMap":{"0":{"start":{"line":3,"column":35},"end":{"line":3,"column":46}},"1":{"start":{"line":11,"column":37},"end":{"line":15,"column":1}},"2":{"start":{"line":17,"column":33},"end":{"line":28,"column":1}},"3":{"start":{"line":18,"column":1},"end":{"line":27,"column":2}},"4":{"start":{"line":20,"column":3},"end":{"line":20,"column":48}},"5":{"start":{"line":22,"column":3},"end":{"line":22,"column":49}},"6":{"start":{"line":24,"column":3},"end":{"line":24,"column":46}},"7":{"start":{"line":26,"column":3},"end":{"line":26,"column":16}}},"fnMap":{"0":{"name":"(anonymous_0)","decl":{"start":{"line":17,"column":33},"end":{"line":17,"column":34}},"loc":{"start":{"line":17,"column":89},"end":{"line":28,"column":1}},"line":17}},"branchMap":{"0":{"loc":{"start":{"line":17,"column":34},"end":{"line":17,"column":54}},"type":"default-arg","locations":[{"start":{"line":17,"column":42},"end":{"line":17,"column":54}}],"line":17},"1":{"loc":{"start":{"line":18,"column":1},"end":{"line":27,"column":2}},"type":"switch","locations":[{"start":{"line":19,"column":2},"end":{"line":20,"column":48}},{"start":{"line":21,"column":2},"end":{"line":22,"column":49}},{"start":{"line":23,"column":2},"end":{"line":24,"column":46}},{"start":{"line":25,"column":2},"end":{"line":26,"column":16}}],"line":18}},"s":{"0":0,"1":0,"2":0,"3":0,"4":0,"5":0,"6":0,"7":0},"f":{"0":0},"b":{"0":[0],"1":[0,0,0,0]},"hash":"7f7b74bf0860f9bc04a5f634802ae5527308f39b"}
,"/Users/alexander.grisales/Projects/Personal/cafeto-software/appMobileCafeto/src/containers/event-form/schema/index.ts": {"path":"/Users/alexander.grisales/Projects/Personal/cafeto-software/appMobileCafeto/src/containers/event-form/schema/index.ts","statementMap":{"0":{"start":{"line":3,"column":27},"end":{"line":7,"column":2}}},"fnMap":{},"branchMap":{},"s":{"0":0},"f":{},"b":{},"hash":"becfc226eb48d9ba8c04f01ac7cb0bcf76d8ea14"}
,"/Users/alexander.grisales/Projects/Personal/cafeto-software/appMobileCafeto/src/containers/event-form/selectors/index.ts": {"path":"/Users/alexander.grisales/Projects/Personal/cafeto-software/appMobileCafeto/src/containers/event-form/selectors/index.ts","statementMap":{"0":{"start":{"line":4,"column":24},"end":{"line":4,"column":61}},"1":{"start":{"line":4,"column":35},"end":{"line":4,"column":61}},"2":{"start":{"line":6,"column":29},"end":{"line":6,"column":102}},"3":{"start":{"line":6,"column":88},"end":{"line":6,"column":101}},"4":{"start":{"line":8,"column":27},"end":{"line":8,"column":98}},"5":{"start":{"line":8,"column":86},"end":{"line":8,"column":97}},"6":{"start":{"line":10,"column":30},"end":{"line":10,"column":104}},"7":{"start":{"line":10,"column":89},"end":{"line":10,"column":103}}},"fnMap":{"0":{"name":"(anonymous_0)","decl":{"start":{"line":4,"column":24},"end":{"line":4,"column":25}},"loc":{"start":{"line":4,"column":35},"end":{"line":4,"column":61}},"line":4},"1":{"name":"(anonymous_1)","decl":{"start":{"line":6,"column":61},"end":{"line":6,"column":62}},"loc":{"start":{"line":6,"column":88},"end":{"line":6,"column":101}},"line":6},"2":{"name":"(anonymous_2)","decl":{"start":{"line":8,"column":59},"end":{"line":8,"column":60}},"loc":{"start":{"line":8,"column":86},"end":{"line":8,"column":97}},"line":8},"3":{"name":"(anonymous_3)","decl":{"start":{"line":10,"column":62},"end":{"line":10,"column":63}},"loc":{"start":{"line":10,"column":89},"end":{"line":10,"column":103}},"line":10}},"branchMap":{},"s":{"0":0,"1":0,"2":0,"3":0,"4":0,"5":0,"6":0,"7":0},"f":{"0":0,"1":0,"2":0,"3":0},"b":{},"hash":"c8ac82a0deb887c900fbff4398a091c045ca80ef"}
,"/Users/alexander.grisales/Projects/Personal/cafeto-software/appMobileCafeto/src/containers/events/event-interface.ts": {"path":"/Users/alexander.grisales/Projects/Personal/cafeto-software/appMobileCafeto/src/containers/events/event-interface.ts","statementMap":{},"fnMap":{},"branchMap":{},"s":{},"f":{},"b":{},"hash":"922c54347a8c1a2e27f8148e36bb6dabda1300e8"}
,"/Users/alexander.grisales/Projects/Personal/cafeto-software/appMobileCafeto/src/containers/events/styles.ts": {"path":"/Users/alexander.grisales/Projects/Personal/cafeto-software/appMobileCafeto/src/containers/events/styles.ts","statementMap":{},"fnMap":{},"branchMap":{},"s":{},"f":{},"b":{},"hash":"4d40ec7b8316008ba9d750ebc618872e3b3ca18a"}
,"/Users/alexander.grisales/Projects/Personal/cafeto-software/appMobileCafeto/src/containers/events/actions/index.ts": {"path":"/Users/alexander.grisales/Projects/Personal/cafeto-software/appMobileCafeto/src/containers/events/actions/index.ts","statementMap":{"0":{"start":{"line":4,"column":28},"end":{"line":7,"column":2}},"1":{"start":{"line":4,"column":65},"end":{"line":7,"column":1}},"2":{"start":{"line":9,"column":32},"end":{"line":12,"column":2}},"3":{"start":{"line":9,"column":64},"end":{"line":12,"column":1}},"4":{"start":{"line":14,"column":32},"end":{"line":17,"column":2}},"5":{"start":{"line":14,"column":72},"end":{"line":17,"column":1}},"6":{"start":{"line":19,"column":25},"end":{"line":28,"column":1}},"7":{"start":{"line":19,"column":58},"end":{"line":28,"column":1}},"8":{"start":{"line":20,"column":1},"end":{"line":20,"column":55}},"9":{"start":{"line":21,"column":1},"end":{"line":27,"column":5}},"10":{"start":{"line":23,"column":22},"end":{"line":23,"column":58}},"11":{"start":{"line":25,"column":3},"end":{"line":25,"column":37}},"12":{"start":{"line":26,"column":3},"end":{"line":26,"column":67}}},"fnMap":{"0":{"name":"(anonymous_0)","decl":{"start":{"line":4,"column":28},"end":{"line":4,"column":29}},"loc":{"start":{"line":4,"column":65},"end":{"line":7,"column":1}},"line":4},"1":{"name":"(anonymous_1)","decl":{"start":{"line":9,"column":32},"end":{"line":9,"column":33}},"loc":{"start":{"line":9,"column":64},"end":{"line":12,"column":1}},"line":9},"2":{"name":"(anonymous_2)","decl":{"start":{"line":14,"column":32},"end":{"line":14,"column":33}},"loc":{"start":{"line":14,"column":72},"end":{"line":17,"column":1}},"line":14},"3":{"name":"(anonymous_3)","decl":{"start":{"line":19,"column":25},"end":{"line":19,"column":26}},"loc":{"start":{"line":19,"column":58},"end":{"line":28,"column":1}},"line":19},"4":{"name":"(anonymous_4)","decl":{"start":{"line":19,"column":58},"end":{"line":19,"column":59}},"loc":{"start":{"line":19,"column":72},"end":{"line":28,"column":1}},"line":19},"5":{"name":"(anonymous_5)","decl":{"start":{"line":23,"column":8},"end":{"line":23,"column":9}},"loc":{"start":{"line":23,"column":22},"end":{"line":23,"column":58}},"line":23},"6":{"name":"(anonymous_6)","decl":{"start":{"line":24,"column":9},"end":{"line":24,"column":10}},"loc":{"start":{"line":24,"column":20},"end":{"line":27,"column":3}},"line":24}},"branchMap":{"0":{"loc":{"start":{"line":19,"column":26},"end":{"line":19,"column":53}},"type":"default-arg","locations":[{"start":{"line":19,"column":48},"end":{"line":19,"column":53}}],"line":19}},"s":{"0":0,"1":0,"2":0,"3":0,"4":0,"5":0,"6":0,"7":0,"8":0,"9":0,"10":0,"11":0,"12":0},"f":{"0":0,"1":0,"2":0,"3":0,"4":0,"5":0,"6":0},"b":{"0":[0]},"hash":"2413fc2a4d27a295692ff046a082771576110ac1"}
,"/Users/alexander.grisales/Projects/Personal/cafeto-software/appMobileCafeto/src/containers/events/actions/interfaces.ts": {"path":"/Users/alexander.grisales/Projects/Personal/cafeto-software/appMobileCafeto/src/containers/events/actions/interfaces.ts","statementMap":{},"fnMap":{},"branchMap":{},"s":{},"f":{},"b":{},"hash":"68695efb0dcc3514ab9c3da8fd81d69eb1d026f3"}
,"/Users/alexander.grisales/Projects/Personal/cafeto-software/appMobileCafeto/src/containers/events/reducers/index.ts": {"path":"/Users/alexander.grisales/Projects/Personal/cafeto-software/appMobileCafeto/src/containers/events/reducers/index.ts","statementMap":{"0":{"start":{"line":4,"column":31},"end":{"line":4,"column":39}},"1":{"start":{"line":13,"column":40},"end":{"line":18,"column":1}},"2":{"start":{"line":20,"column":28},"end":{"line":32,"column":1}},"3":{"start":{"line":21,"column":1},"end":{"line":31,"column":2}},"4":{"start":{"line":23,"column":26},"end":{"line":23,"column":40}},"5":{"start":{"line":24,"column":3},"end":{"line":24,"column":89}},"6":{"start":{"line":26,"column":3},"end":{"line":26,"column":93}},"7":{"start":{"line":28,"column":3},"end":{"line":28,"column":67}},"8":{"start":{"line":30,"column":3},"end":{"line":30,"column":16}}},"fnMap":{"0":{"name":"(anonymous_0)","decl":{"start":{"line":20,"column":28},"end":{"line":20,"column":29}},"loc":{"start":{"line":20,"column":80},"end":{"line":32,"column":1}},"line":20}},"branchMap":{"0":{"loc":{"start":{"line":20,"column":29},"end":{"line":20,"column":49}},"type":"default-arg","locations":[{"start":{"line":20,"column":37},"end":{"line":20,"column":49}}],"line":20},"1":{"loc":{"start":{"line":21,"column":1},"end":{"line":31,"column":2}},"type":"switch","locations":[{"start":{"line":22,"column":2},"end":{"line":24,"column":89}},{"start":{"line":25,"column":2},"end":{"line":26,"column":93}},{"start":{"line":27,"column":2},"end":{"line":28,"column":67}},{"start":{"line":29,"column":2},"end":{"line":30,"column":16}}],"line":21},"2":{"loc":{"start":{"line":24,"column":31},"end":{"line":24,"column":60}},"type":"binary-expr","locations":[{"start":{"line":24,"column":31},"end":{"line":24,"column":42}},{"start":{"line":24,"column":46},"end":{"line":24,"column":60}}],"line":24}},"s":{"0":0,"1":0,"2":0,"3":0,"4":0,"5":0,"6":0,"7":0,"8":0},"f":{"0":0},"b":{"0":[0],"1":[0,0,0,0],"2":[0,0]},"hash":"afd775b8e63eae92cbc8b7b4a71f21ae5e329925"}
,"/Users/alexander.grisales/Projects/Personal/cafeto-software/appMobileCafeto/src/containers/events/selectors/index.ts": {"path":"/Users/alexander.grisales/Projects/Personal/cafeto-software/appMobileCafeto/src/containers/events/selectors/index.ts","statementMap":{"0":{"start":{"line":5,"column":32},"end":{"line":5,"column":65}},"1":{"start":{"line":5,"column":43},"end":{"line":5,"column":65}},"2":{"start":{"line":7,"column":28},"end":{"line":7,"column":95}},"3":{"start":{"line":7,"column":84},"end":{"line":7,"column":94}},"4":{"start":{"line":9,"column":29},"end":{"line":9,"column":99}},"5":{"start":{"line":9,"column":85},"end":{"line":9,"column":98}},"6":{"start":{"line":11,"column":31},"end":{"line":20,"column":1}},"7":{"start":{"line":16,"column":6},"end":{"line":16,"column":11}},"8":{"start":{"line":17,"column":2},"end":{"line":17,"column":12}},"9":{"start":{"line":19,"column":20},"end":{"line":19,"column":66}},"10":{"start":{"line":19,"column":42},"end":{"line":19,"column":59}},"11":{"start":{"line":22,"column":32},"end":{"line":22,"column":105}},"12":{"start":{"line":22,"column":88},"end":{"line":22,"column":104}}},"fnMap":{"0":{"name":"(anonymous_0)","decl":{"start":{"line":5,"column":32},"end":{"line":5,"column":33}},"loc":{"start":{"line":5,"column":43},"end":{"line":5,"column":65}},"line":5},"1":{"name":"(anonymous_1)","decl":{"start":{"line":7,"column":61},"end":{"line":7,"column":62}},"loc":{"start":{"line":7,"column":84},"end":{"line":7,"column":94}},"line":7},"2":{"name":"(anonymous_2)","decl":{"start":{"line":9,"column":62},"end":{"line":9,"column":63}},"loc":{"start":{"line":9,"column":85},"end":{"line":9,"column":98}},"line":9},"3":{"name":"(anonymous_3)","decl":{"start":{"line":13,"column":1},"end":{"line":13,"column":2}},"loc":{"start":{"line":13,"column":15},"end":{"line":18,"column":2}},"line":13},"4":{"name":"(anonymous_4)","decl":{"start":{"line":19,"column":1},"end":{"line":19,"column":2}},"loc":{"start":{"line":19,"column":20},"end":{"line":19,"column":66}},"line":19},"5":{"name":"(anonymous_5)","decl":{"start":{"line":19,"column":32},"end":{"line":19,"column":33}},"loc":{"start":{"line":19,"column":42},"end":{"line":19,"column":59}},"line":19},"6":{"name":"(anonymous_6)","decl":{"start":{"line":22,"column":65},"end":{"line":22,"column":66}},"loc":{"start":{"line":22,"column":88},"end":{"line":22,"column":104}},"line":22}},"branchMap":{"0":{"loc":{"start":{"line":15,"column":20},"end":{"line":15,"column":39}},"type":"default-arg","locations":[{"start":{"line":15,"column":29},"end":{"line":15,"column":39}}],"line":15},"1":{"loc":{"start":{"line":19,"column":20},"end":{"line":19,"column":66}},"type":"binary-expr","locations":[{"start":{"line":19,"column":20},"end":{"line":19,"column":60}},{"start":{"line":19,"column":64},"end":{"line":19,"column":66}}],"line":19}},"s":{"0":0,"1":0,"2":0,"3":0,"4":0,"5":0,"6":0,"7":0,"8":0,"9":0,"10":0,"11":0,"12":0},"f":{"0":0,"1":0,"2":0,"3":0,"4":0,"5":0,"6":0},"b":{"0":[0],"1":[0,0]},"hash":"4f8714b089a041b7703eefc9a2d0c3f7b279680a"}
,"/Users/alexander.grisales/Projects/Personal/cafeto-software/appMobileCafeto/src/containers/login/login-context.ts": {"path":"/Users/alexander.grisales/Projects/Personal/cafeto-software/appMobileCafeto/src/containers/login/login-context.ts","statementMap":{"0":{"start":{"line":3,"column":16},"end":{"line":18,"column":1}},"1":{"start":{"line":16,"column":27},"end":{"line":16,"column":32}},"2":{"start":{"line":17,"column":30},"end":{"line":17,"column":35}},"3":{"start":{"line":19,"column":28},"end":{"line":19,"column":56}}},"fnMap":{"0":{"name":"(anonymous_0)","decl":{"start":{"line":14,"column":20},"end":{"line":14,"column":21}},"loc":{"start":{"line":14,"column":26},"end":{"line":14,"column":28}},"line":14},"1":{"name":"(anonymous_1)","decl":{"start":{"line":15,"column":15},"end":{"line":15,"column":16}},"loc":{"start":{"line":15,"column":21},"end":{"line":15,"column":23}},"line":15},"2":{"name":"(anonymous_2)","decl":{"start":{"line":16,"column":16},"end":{"line":16,"column":17}},"loc":{"start":{"line":16,"column":27},"end":{"line":16,"column":32}},"line":16},"3":{"name":"(anonymous_3)","decl":{"start":{"line":17,"column":19},"end":{"line":17,"column":20}},"loc":{"start":{"line":17,"column":30},"end":{"line":17,"column":35}},"line":17}},"branchMap":{},"s":{"0":0,"1":0,"2":0,"3":0},"f":{"0":0,"1":0,"2":0,"3":0},"b":{},"hash":"e53a4495b1fbed8a8f328da155926cdbfa86d2d8"}
,"/Users/alexander.grisales/Projects/Personal/cafeto-software/appMobileCafeto/src/containers/login/login-interface.ts": {"path":"/Users/alexander.grisales/Projects/Personal/cafeto-software/appMobileCafeto/src/containers/login/login-interface.ts","statementMap":{},"fnMap":{},"branchMap":{},"s":{},"f":{},"b":{},"hash":"6e0c265f91d3ed7c9669bb9c07788b00cdb57589"}
,"/Users/alexander.grisales/Projects/Personal/cafeto-software/appMobileCafeto/src/containers/login/style.ts": {"path":"/Users/alexander.grisales/Projects/Personal/cafeto-software/appMobileCafeto/src/containers/login/style.ts","statementMap":{},"fnMap":{},"branchMap":{},"s":{},"f":{},"b":{},"hash":"e7116746c56105728446c9004dfc02f6cbdb3096"}
,"/Users/alexander.grisales/Projects/Personal/cafeto-software/appMobileCafeto/src/containers/login/components/index.ts": {"path":"/Users/alexander.grisales/Projects/Personal/cafeto-software/appMobileCafeto/src/containers/login/components/index.ts","statementMap":{},"fnMap":{},"branchMap":{},"s":{},"f":{},"b":{},"hash":"a93dcf1afbafea38d4975308b19f59e3febfc694"}
,"/Users/alexander.grisales/Projects/Personal/cafeto-software/appMobileCafeto/src/core/index.ts": {"path":"/Users/alexander.grisales/Projects/Personal/cafeto-software/appMobileCafeto/src/core/index.ts","statementMap":{},"fnMap":{},"branchMap":{},"s":{},"f":{},"b":{},"hash":"6b2f0b0063918d3381c401cea1605f62b93fbc8b"}
,"/Users/alexander.grisales/Projects/Personal/cafeto-software/appMobileCafeto/src/core/auth0/auth0-service.ts": {"path":"/Users/alexander.grisales/Projects/Personal/cafeto-software/appMobileCafeto/src/core/auth0/auth0-service.ts","statementMap":{"0":{"start":{"line":6,"column":29},"end":{"line":6,"column":55}},"1":{"start":{"line":12,"column":2},"end":{"line":23,"column":5}},"2":{"start":{"line":13,"column":3},"end":{"line":22,"column":19}},"3":{"start":{"line":18,"column":25},"end":{"line":18,"column":36}},"4":{"start":{"line":19,"column":22},"end":{"line":19,"column":53}},"5":{"start":{"line":20,"column":5},"end":{"line":20,"column":23}},"6":{"start":{"line":27,"column":28},"end":{"line":27,"column":77}}},"fnMap":{"0":{"name":"(anonymous_0)","decl":{"start":{"line":9,"column":1},"end":{"line":9,"column":2}},"loc":{"start":{"line":9,"column":37},"end":{"line":9,"column":39}},"line":9},"1":{"name":"(anonymous_1)","decl":{"start":{"line":11,"column":1},"end":{"line":11,"column":2}},"loc":{"start":{"line":11,"column":44},"end":{"line":24,"column":2}},"line":11},"2":{"name":"(anonymous_2)","decl":{"start":{"line":12,"column":36},"end":{"line":12,"column":37}},"loc":{"start":{"line":12,"column":57},"end":{"line":23,"column":3}},"line":12},"3":{"name":"(anonymous_3)","decl":{"start":{"line":17,"column":10},"end":{"line":17,"column":11}},"loc":{"start":{"line":17,"column":27},"end":{"line":21,"column":5}},"line":17}},"branchMap":{},"s":{"0":0,"1":0,"2":0,"3":0,"4":0,"5":0,"6":0},"f":{"0":0,"1":0,"2":0,"3":0},"b":{},"hash":"f1a07f9c3935da31217e80ab292a6b62106b4f40"}
,"/Users/alexander.grisales/Projects/Personal/cafeto-software/appMobileCafeto/src/core/auth0/interfaces.ts": {"path":"/Users/alexander.grisales/Projects/Personal/cafeto-software/appMobileCafeto/src/core/auth0/interfaces.ts","statementMap":{},"fnMap":{},"branchMap":{},"s":{},"f":{},"b":{},"hash":"c091f86eec40887c3e90f89426bd9b46911beaed"}
,"/Users/alexander.grisales/Projects/Personal/cafeto-software/appMobileCafeto/src/core/authetication/authentication.ts": {"path":"/Users/alexander.grisales/Projects/Personal/cafeto-software/appMobileCafeto/src/core/authetication/authentication.ts","statementMap":{"0":{"start":{"line":4,"column":38},"end":{"line":4,"column":52}},"1":{"start":{"line":5,"column":46},"end":{"line":5,"column":67}},"2":{"start":{"line":10,"column":2},"end":{"line":10,"column":66}},"3":{"start":{"line":14,"column":2},"end":{"line":14,"column":73}},"4":{"start":{"line":18,"column":2},"end":{"line":18,"column":69}},"5":{"start":{"line":22,"column":2},"end":{"line":22,"column":74}},"6":{"start":{"line":26,"column":2},"end":{"line":26,"column":81}},"7":{"start":{"line":30,"column":2},"end":{"line":30,"column":77}},"8":{"start":{"line":34,"column":37},"end":{"line":34,"column":76}}},"fnMap":{"0":{"name":"(anonymous_0)","decl":{"start":{"line":7,"column":1},"end":{"line":7,"column":2}},"loc":{"start":{"line":7,"column":51},"end":{"line":7,"column":53}},"line":7},"1":{"name":"(anonymous_1)","decl":{"start":{"line":9,"column":1},"end":{"line":9,"column":2}},"loc":{"start":{"line":9,"column":26},"end":{"line":11,"column":2}},"line":9},"2":{"name":"(anonymous_2)","decl":{"start":{"line":13,"column":1},"end":{"line":13,"column":2}},"loc":{"start":{"line":13,"column":31},"end":{"line":15,"column":2}},"line":13},"3":{"name":"(anonymous_3)","decl":{"start":{"line":17,"column":1},"end":{"line":17,"column":2}},"loc":{"start":{"line":17,"column":28},"end":{"line":19,"column":2}},"line":17},"4":{"name":"(anonymous_4)","decl":{"start":{"line":21,"column":1},"end":{"line":21,"column":2}},"loc":{"start":{"line":21,"column":33},"end":{"line":23,"column":2}},"line":21},"5":{"name":"(anonymous_5)","decl":{"start":{"line":25,"column":1},"end":{"line":25,"column":2}},"loc":{"start":{"line":25,"column":38},"end":{"line":27,"column":2}},"line":25},"6":{"name":"(anonymous_6)","decl":{"start":{"line":29,"column":1},"end":{"line":29,"column":2}},"loc":{"start":{"line":29,"column":35},"end":{"line":31,"column":2}},"line":29}},"branchMap":{},"s":{"0":1,"1":1,"2":1,"3":2,"4":1,"5":1,"6":2,"7":1,"8":1},"f":{"0":1,"1":1,"2":2,"3":1,"4":1,"5":2,"6":1},"b":{},"_coverageSchema":"43e27e138ebf9cfc5966b082cf9a028302ed4184","hash":"924a142ea4f5a215f2e7232659fe8cbee42664e7"}
,"/Users/alexander.grisales/Projects/Personal/cafeto-software/appMobileCafeto/src/core/axios-instance/axios-instance.ts": {"path":"/Users/alexander.grisales/Projects/Personal/cafeto-software/appMobileCafeto/src/core/axios-instance/axios-instance.ts","statementMap":{"0":{"start":{"line":9,"column":2},"end":{"line":9,"column":35}},"1":{"start":{"line":13,"column":2},"end":{"line":13,"column":71}},"2":{"start":{"line":14,"column":2},"end":{"line":14,"column":87}},"3":{"start":{"line":15,"column":2},"end":{"line":15,"column":19}},"4":{"start":{"line":23,"column":2},"end":{"line":23,"column":35}},"5":{"start":{"line":27,"column":2},"end":{"line":27,"column":61}},"6":{"start":{"line":28,"column":2},"end":{"line":28,"column":19}},"7":{"start":{"line":32,"column":23},"end":{"line":32,"column":58}},"8":{"start":{"line":33,"column":52},"end":{"line":36,"column":13}},"9":{"start":{"line":38,"column":52},"end":{"line":41,"column":13}}},"fnMap":{"0":{"name":"(anonymous_0)","decl":{"start":{"line":8,"column":1},"end":{"line":8,"column":2}},"loc":{"start":{"line":8,"column":26},"end":{"line":10,"column":2}},"line":8},"1":{"name":"(anonymous_1)","decl":{"start":{"line":12,"column":1},"end":{"line":12,"column":2}},"loc":{"start":{"line":12,"column":27},"end":{"line":16,"column":2}},"line":12},"2":{"name":"(anonymous_2)","decl":{"start":{"line":22,"column":1},"end":{"line":22,"column":2}},"loc":{"start":{"line":22,"column":26},"end":{"line":24,"column":2}},"line":22},"3":{"name":"(anonymous_3)","decl":{"start":{"line":26,"column":1},"end":{"line":26,"column":2}},"loc":{"start":{"line":26,"column":27},"end":{"line":29,"column":2}},"line":26}},"branchMap":{"0":{"loc":{"start":{"line":8,"column":13},"end":{"line":8,"column":24}},"type":"default-arg","locations":[{"start":{"line":8,"column":22},"end":{"line":8,"column":24}}],"line":8},"1":{"loc":{"start":{"line":22,"column":13},"end":{"line":22,"column":24}},"type":"default-arg","locations":[{"start":{"line":22,"column":22},"end":{"line":22,"column":24}}],"line":22}},"s":{"0":0,"1":0,"2":0,"3":0,"4":0,"5":0,"6":0,"7":0,"8":0,"9":0},"f":{"0":0,"1":0,"2":0,"3":0},"b":{"0":[0],"1":[0]},"hash":"dfb07d3e723df3c962b4c5517d4267c275cf23b1"}
,"/Users/alexander.grisales/Projects/Personal/cafeto-software/appMobileCafeto/src/core/axios-instance/interceptors/index.ts": {"path":"/Users/alexander.grisales/Projects/Personal/cafeto-software/appMobileCafeto/src/core/axios-instance/interceptors/index.ts","statementMap":{"0":{"start":{"line":5,"column":46},"end":{"line":12,"column":1}},"1":{"start":{"line":5,"column":52},"end":{"line":12,"column":1}},"2":{"start":{"line":6,"column":15},"end":{"line":6,"column":53}},"3":{"start":{"line":7,"column":1},"end":{"line":10,"column":3}},"4":{"start":{"line":11,"column":1},"end":{"line":11,"column":22}},"5":{"start":{"line":14,"column":35},"end":{"line":14,"column":83}},"6":{"start":{"line":14,"column":41},"end":{"line":14,"column":83}},"7":{"start":{"line":14,"column":70},"end":{"line":14,"column":83}},"8":{"start":{"line":16,"column":38},"end":{"line":44,"column":1}},"9":{"start":{"line":16,"column":44},"end":{"line":44,"column":1}},"10":{"start":{"line":17,"column":30},"end":{"line":17,"column":42}},"11":{"start":{"line":18,"column":40},"end":{"line":18,"column":45}},"12":{"start":{"line":19,"column":26},"end":{"line":19,"column":34}},"13":{"start":{"line":20,"column":1},"end":{"line":42,"column":2}},"14":{"start":{"line":24,"column":6},"end":{"line":24,"column":30}},"15":{"start":{"line":25,"column":14},"end":{"line":25,"column":33}},"16":{"start":{"line":26,"column":23},"end":{"line":26,"column":68}},"17":{"start":{"line":27,"column":2},"end":{"line":27,"column":31}},"18":{"start":{"line":28,"column":2},"end":{"line":41,"column":5}},"19":{"start":{"line":29,"column":3},"end":{"line":40,"column":19}},"20":{"start":{"line":32,"column":64},"end":{"line":32,"column":73}},"21":{"start":{"line":33,"column":5},"end":{"line":33,"column":52}},"22":{"start":{"line":34,"column":5},"end":{"line":34,"column":66}},"23":{"start":{"line":35,"column":5},"end":{"line":35,"column":66}},"24":{"start":{"line":36,"column":5},"end":{"line":38,"column":21}},"25":{"start":{"line":37,"column":36},"end":{"line":37,"column":53}},"26":{"start":{"line":43,"column":1},"end":{"line":43,"column":30}}},"fnMap":{"0":{"name":"(anonymous_0)","decl":{"start":{"line":5,"column":46},"end":{"line":5,"column":47}},"loc":{"start":{"line":5,"column":52},"end":{"line":12,"column":1}},"line":5},"1":{"name":"(anonymous_1)","decl":{"start":{"line":5,"column":52},"end":{"line":5,"column":53}},"loc":{"start":{"line":5,"column":97},"end":{"line":12,"column":1}},"line":5},"2":{"name":"(anonymous_2)","decl":{"start":{"line":14,"column":35},"end":{"line":14,"column":36}},"loc":{"start":{"line":14,"column":41},"end":{"line":14,"column":83}},"line":14},"3":{"name":"(anonymous_3)","decl":{"start":{"line":14,"column":41},"end":{"line":14,"column":42}},"loc":{"start":{"line":14,"column":70},"end":{"line":14,"column":83}},"line":14},"4":{"name":"(anonymous_4)","decl":{"start":{"line":16,"column":38},"end":{"line":16,"column":39}},"loc":{"start":{"line":16,"column":44},"end":{"line":44,"column":1}},"line":16},"5":{"name":"(anonymous_5)","decl":{"start":{"line":16,"column":44},"end":{"line":16,"column":45}},"loc":{"start":{"line":16,"column":73},"end":{"line":44,"column":1}},"line":16},"6":{"name":"(anonymous_6)","decl":{"start":{"line":28,"column":26},"end":{"line":28,"column":27}},"loc":{"start":{"line":28,"column":47},"end":{"line":41,"column":3}},"line":28},"7":{"name":"(anonymous_7)","decl":{"start":{"line":31,"column":10},"end":{"line":31,"column":11}},"loc":{"start":{"line":31,"column":30},"end":{"line":39,"column":5}},"line":31},"8":{"name":"(anonymous_8)","decl":{"start":{"line":37,"column":12},"end":{"line":37,"column":13}},"loc":{"start":{"line":37,"column":36},"end":{"line":37,"column":53}},"line":37}},"branchMap":{"0":{"loc":{"start":{"line":18,"column":9},"end":{"line":18,"column":35}},"type":"default-arg","locations":[{"start":{"line":18,"column":20},"end":{"line":18,"column":35}}],"line":18},"1":{"loc":{"start":{"line":19,"column":9},"end":{"line":19,"column":21}},"type":"default-arg","locations":[{"start":{"line":19,"column":18},"end":{"line":19,"column":21}}],"line":19},"2":{"loc":{"start":{"line":20,"column":1},"end":{"line":42,"column":2}},"type":"if","locations":[{"start":{"line":20,"column":1},"end":{"line":42,"column":2}},{"start":{"line":20,"column":1},"end":{"line":42,"column":2}}],"line":20},"3":{"loc":{"start":{"line":20,"column":5},"end":{"line":20,"column":45}},"type":"binary-expr","locations":[{"start":{"line":20,"column":5},"end":{"line":20,"column":19}},{"start":{"line":20,"column":23},"end":{"line":20,"column":45}}],"line":20}},"s":{"0":0,"1":0,"2":0,"3":0,"4":0,"5":0,"6":0,"7":0,"8":0,"9":0,"10":0,"11":0,"12":0,"13":0,"14":0,"15":0,"16":0,"17":0,"18":0,"19":0,"20":0,"21":0,"22":0,"23":0,"24":0,"25":0,"26":0},"f":{"0":0,"1":0,"2":0,"3":0,"4":0,"5":0,"6":0,"7":0,"8":0},"b":{"0":[0],"1":[0],"2":[0,0],"3":[0,0]},"hash":"139f5379bcdbacdd0d79f9eb35ab5b9d3c58520c"}
,"/Users/alexander.grisales/Projects/Personal/cafeto-software/appMobileCafeto/src/core/connector/connector-error.ts": {"path":"/Users/alexander.grisales/Projects/Personal/cafeto-software/appMobileCafeto/src/core/connector/connector-error.ts","statementMap":{"0":{"start":{"line":12,"column":30},"end":{"line":20,"column":1}},"1":{"start":{"line":13,"column":37},"end":{"line":13,"column":42}},"2":{"start":{"line":14,"column":45},"end":{"line":14,"column":53}},"3":{"start":{"line":15,"column":1},"end":{"line":17,"column":2}},"4":{"start":{"line":16,"column":2},"end":{"line":16,"column":59}},"5":{"start":{"line":18,"column":61},"end":{"line":18,"column":65}},"6":{"start":{"line":19,"column":1},"end":{"line":19,"column":44}}},"fnMap":{"0":{"name":"(anonymous_0)","decl":{"start":{"line":9,"column":1},"end":{"line":9,"column":2}},"loc":{"start":{"line":9,"column":78},"end":{"line":9,"column":80}},"line":9},"1":{"name":"(anonymous_1)","decl":{"start":{"line":12,"column":30},"end":{"line":12,"column":31}},"loc":{"start":{"line":12,"column":73},"end":{"line":20,"column":1}},"line":12}},"branchMap":{"0":{"loc":{"start":{"line":13,"column":9},"end":{"line":13,"column":32}},"type":"default-arg","locations":[{"start":{"line":13,"column":20},"end":{"line":13,"column":32}}],"line":13},"1":{"loc":{"start":{"line":14,"column":7},"end":{"line":14,"column":40}},"type":"default-arg","locations":[{"start":{"line":14,"column":14},"end":{"line":14,"column":40}}],"line":14},"2":{"loc":{"start":{"line":15,"column":1},"end":{"line":17,"column":2}},"type":"if","locations":[{"start":{"line":15,"column":1},"end":{"line":17,"column":2}},{"start":{"line":15,"column":1},"end":{"line":17,"column":2}}],"line":15},"3":{"loc":{"start":{"line":18,"column":9},"end":{"line":18,"column":21}},"type":"default-arg","locations":[{"start":{"line":18,"column":18},"end":{"line":18,"column":21}}],"line":18},"4":{"loc":{"start":{"line":18,"column":23},"end":{"line":18,"column":56}},"type":"default-arg","locations":[{"start":{"line":18,"column":33},"end":{"line":18,"column":56}}],"line":18}},"s":{"0":0,"1":0,"2":0,"3":0,"4":0,"5":0,"6":0},"f":{"0":0,"1":0},"b":{"0":[0],"1":[0],"2":[0,0],"3":[0],"4":[0]},"hash":"af69b01c7f2f7ed02d561489a7237f87f009b97f"}
,"/Users/alexander.grisales/Projects/Personal/cafeto-software/appMobileCafeto/src/core/connector/connector.ts": {"path":"/Users/alexander.grisales/Projects/Personal/cafeto-software/appMobileCafeto/src/core/connector/connector.ts","statementMap":{"0":{"start":{"line":13,"column":2},"end":{"line":18,"column":5}},"1":{"start":{"line":14,"column":3},"end":{"line":17,"column":65}},"2":{"start":{"line":16,"column":29},"end":{"line":16,"column":46}},"3":{"start":{"line":17,"column":34},"end":{"line":17,"column":63}},"4":{"start":{"line":22,"column":2},"end":{"line":27,"column":5}},"5":{"start":{"line":23,"column":3},"end":{"line":26,"column":65}},"6":{"start":{"line":25,"column":29},"end":{"line":25,"column":46}},"7":{"start":{"line":26,"column":34},"end":{"line":26,"column":63}},"8":{"start":{"line":30,"column":2},"end":{"line":35,"column":5}},"9":{"start":{"line":31,"column":3},"end":{"line":34,"column":65}},"10":{"start":{"line":33,"column":29},"end":{"line":33,"column":46}},"11":{"start":{"line":34,"column":34},"end":{"line":34,"column":63}},"12":{"start":{"line":39,"column":2},"end":{"line":44,"column":5}},"13":{"start":{"line":40,"column":3},"end":{"line":43,"column":65}},"14":{"start":{"line":42,"column":29},"end":{"line":42,"column":46}},"15":{"start":{"line":43,"column":34},"end":{"line":43,"column":63}},"16":{"start":{"line":48,"column":25},"end":{"line":48,"column":61}}},"fnMap":{"0":{"name":"(anonymous_0)","decl":{"start":{"line":7,"column":1},"end":{"line":7,"column":2}},"loc":{"start":{"line":7,"column":51},"end":{"line":7,"column":53}},"line":7},"1":{"name":"(anonymous_1)","decl":{"start":{"line":9,"column":1},"end":{"line":9,"column":2}},"loc":{"start":{"line":12,"column":15},"end":{"line":19,"column":2}},"line":12},"2":{"name":"(anonymous_2)","decl":{"start":{"line":13,"column":24},"end":{"line":13,"column":25}},"loc":{"start":{"line":13,"column":45},"end":{"line":18,"column":3}},"line":13},"3":{"name":"(anonymous_3)","decl":{"start":{"line":16,"column":10},"end":{"line":16,"column":11}},"loc":{"start":{"line":16,"column":29},"end":{"line":16,"column":46}},"line":16},"4":{"name":"(anonymous_4)","decl":{"start":{"line":17,"column":11},"end":{"line":17,"column":12}},"loc":{"start":{"line":17,"column":34},"end":{"line":17,"column":63}},"line":17},"5":{"name":"(anonymous_5)","decl":{"start":{"line":21,"column":1},"end":{"line":21,"column":2}},"loc":{"start":{"line":21,"column":90},"end":{"line":28,"column":2}},"line":21},"6":{"name":"(anonymous_6)","decl":{"start":{"line":22,"column":24},"end":{"line":22,"column":25}},"loc":{"start":{"line":22,"column":45},"end":{"line":27,"column":3}},"line":22},"7":{"name":"(anonymous_7)","decl":{"start":{"line":25,"column":10},"end":{"line":25,"column":11}},"loc":{"start":{"line":25,"column":29},"end":{"line":25,"column":46}},"line":25},"8":{"name":"(anonymous_8)","decl":{"start":{"line":26,"column":11},"end":{"line":26,"column":12}},"loc":{"start":{"line":26,"column":34},"end":{"line":26,"column":63}},"line":26},"9":{"name":"(anonymous_9)","decl":{"start":{"line":29,"column":1},"end":{"line":29,"column":2}},"loc":{"start":{"line":29,"column":79},"end":{"line":36,"column":2}},"line":29},"10":{"name":"(anonymous_10)","decl":{"start":{"line":30,"column":24},"end":{"line":30,"column":25}},"loc":{"start":{"line":30,"column":45},"end":{"line":35,"column":3}},"line":30},"11":{"name":"(anonymous_11)","decl":{"start":{"line":33,"column":10},"end":{"line":33,"column":11}},"loc":{"start":{"line":33,"column":29},"end":{"line":33,"column":46}},"line":33},"12":{"name":"(anonymous_12)","decl":{"start":{"line":34,"column":11},"end":{"line":34,"column":12}},"loc":{"start":{"line":34,"column":34},"end":{"line":34,"column":63}},"line":34},"13":{"name":"(anonymous_13)","decl":{"start":{"line":38,"column":1},"end":{"line":38,"column":2}},"loc":{"start":{"line":38,"column":76},"end":{"line":45,"column":2}},"line":38},"14":{"name":"(anonymous_14)","decl":{"start":{"line":39,"column":24},"end":{"line":39,"column":25}},"loc":{"start":{"line":39,"column":45},"end":{"line":44,"column":3}},"line":39},"15":{"name":"(anonymous_15)","decl":{"start":{"line":42,"column":10},"end":{"line":42,"column":11}},"loc":{"start":{"line":42,"column":29},"end":{"line":42,"column":46}},"line":42},"16":{"name":"(anonymous_16)","decl":{"start":{"line":43,"column":11},"end":{"line":43,"column":12}},"loc":{"start":{"line":43,"column":34},"end":{"line":43,"column":63}},"line":43}},"branchMap":{"0":{"loc":{"start":{"line":11,"column":2},"end":{"line":11,"column":79}},"type":"default-arg","locations":[{"start":{"line":11,"column":31},"end":{"line":11,"column":79}}],"line":11},"1":{"loc":{"start":{"line":21,"column":29},"end":{"line":21,"column":43}},"type":"default-arg","locations":[{"start":{"line":21,"column":41},"end":{"line":21,"column":43}}],"line":21},"2":{"loc":{"start":{"line":21,"column":45},"end":{"line":21,"column":76}},"type":"default-arg","locations":[{"start":{"line":21,"column":74},"end":{"line":21,"column":76}}],"line":21},"3":{"loc":{"start":{"line":29,"column":34},"end":{"line":29,"column":65}},"type":"default-arg","locations":[{"start":{"line":29,"column":63},"end":{"line":29,"column":65}}],"line":29},"4":{"loc":{"start":{"line":38,"column":31},"end":{"line":38,"column":62}},"type":"default-arg","locations":[{"start":{"line":38,"column":60},"end":{"line":38,"column":62}}],"line":38}},"s":{"0":0,"1":0,"2":0,"3":0,"4":0,"5":0,"6":0,"7":0,"8":0,"9":0,"10":0,"11":0,"12":0,"13":0,"14":0,"15":0,"16":0},"f":{"0":0,"1":0,"2":0,"3":0,"4":0,"5":0,"6":0,"7":0,"8":0,"9":0,"10":0,"11":0,"12":0,"13":0,"14":0,"15":0,"16":0},"b":{"0":[0],"1":[0],"2":[0],"3":[0],"4":[0]},"hash":"deb68e5ddfc3b4916b101d648448070aeacbf5ac"}
,"/Users/alexander.grisales/Projects/Personal/cafeto-software/appMobileCafeto/src/core/jwt/jwt-interface.ts": {"path":"/Users/alexander.grisales/Projects/Personal/cafeto-software/appMobileCafeto/src/core/jwt/jwt-interface.ts","statementMap":{},"fnMap":{},"branchMap":{},"s":{},"f":{},"b":{},"hash":"d14210d4c5782f607a1670a38a1a1a5a10e05629"}
,"/Users/alexander.grisales/Projects/Personal/cafeto-software/appMobileCafeto/src/core/jwt/jwt-service.ts": {"path":"/Users/alexander.grisales/Projects/Personal/cafeto-software/appMobileCafeto/src/core/jwt/jwt-service.ts","statementMap":{"0":{"start":{"line":7,"column":2},"end":{"line":7,"column":26}},"1":{"start":{"line":11,"column":26},"end":{"line":11,"column":42}}},"fnMap":{"0":{"name":"(anonymous_0)","decl":{"start":{"line":6,"column":1},"end":{"line":6,"column":2}},"loc":{"start":{"line":6,"column":47},"end":{"line":8,"column":2}},"line":6}},"branchMap":{},"s":{"0":0,"1":0},"f":{"0":0},"b":{},"hash":"31b4db7451964a19f4c7ce351ed566e2c405c149"}
,"/Users/alexander.grisales/Projects/Personal/cafeto-software/appMobileCafeto/src/core/theme/button.ts": {"path":"/Users/alexander.grisales/Projects/Personal/cafeto-software/appMobileCafeto/src/core/theme/button.ts","statementMap":{"0":{"start":{"line":4,"column":49},"end":{"line":4,"column":55}},"1":{"start":{"line":6,"column":22},"end":{"line":11,"column":1}},"2":{"start":{"line":13,"column":34},"end":{"line":23,"column":1}},"3":{"start":{"line":25,"column":27},"end":{"line":29,"column":1}},"4":{"start":{"line":31,"column":35},"end":{"line":41,"column":1}},"5":{"start":{"line":43,"column":30},"end":{"line":46,"column":1}}},"fnMap":{},"branchMap":{},"s":{"0":0,"1":0,"2":0,"3":0,"4":0,"5":0},"f":{},"b":{},"hash":"6226a2490a01889067f05496d2bdcf2ac62093c7"}
,"/Users/alexander.grisales/Projects/Personal/cafeto-software/appMobileCafeto/src/core/theme/colors.ts": {"path":"/Users/alexander.grisales/Projects/Personal/cafeto-software/appMobileCafeto/src/core/theme/colors.ts","statementMap":{"0":{"start":{"line":1,"column":22},"end":{"line":10,"column":1}}},"fnMap":{},"branchMap":{},"s":{"0":0},"f":{},"b":{},"hash":"6f6b50cbb7b15f720da85a6f039ab1b280a967e6"}
,"/Users/alexander.grisales/Projects/Personal/cafeto-software/appMobileCafeto/src/core/theme/index.ts": {"path":"/Users/alexander.grisales/Projects/Personal/cafeto-software/appMobileCafeto/src/core/theme/index.ts","statementMap":{},"fnMap":{},"branchMap":{},"s":{},"f":{},"b":{},"hash":"e24d9c8d013bda43708a2b60e7e4c39655fa7dab"}
,"/Users/alexander.grisales/Projects/Personal/cafeto-software/appMobileCafeto/src/core/theme/text-input.ts": {"path":"/Users/alexander.grisales/Projects/Personal/cafeto-software/appMobileCafeto/src/core/theme/text-input.ts","statementMap":{"0":{"start":{"line":4,"column":25},"end":{"line":4,"column":31}},"1":{"start":{"line":6,"column":22},"end":{"line":10,"column":1}},"2":{"start":{"line":11,"column":37},"end":{"line":16,"column":1}},"3":{"start":{"line":18,"column":36},"end":{"line":23,"column":1}}},"fnMap":{},"branchMap":{},"s":{"0":0,"1":0,"2":0,"3":0},"f":{},"b":{},"hash":"afeb39058a22e44bbb62462115c1aaf3b7d03a77"}
,"/Users/alexander.grisales/Projects/Personal/cafeto-software/appMobileCafeto/src/core/theme/validations.ts": {"path":"/Users/alexander.grisales/Projects/Personal/cafeto-software/appMobileCafeto/src/core/theme/validations.ts","statementMap":{"0":{"start":{"line":5,"column":25},"end":{"line":5,"column":31}},"1":{"start":{"line":7,"column":32},"end":{"line":18,"column":1}}},"fnMap":{},"branchMap":{},"s":{"0":0,"1":0},"f":{},"b":{},"hash":"579f76cfae7f7dde824b72d30a9dc24638232294"}
,"/Users/alexander.grisales/Projects/Personal/cafeto-software/appMobileCafeto/src/core/validations/index.ts": {"path":"/Users/alexander.grisales/Projects/Personal/cafeto-software/appMobileCafeto/src/core/validations/index.ts","statementMap":{},"fnMap":{},"branchMap":{},"s":{},"f":{},"b":{},"hash":"44c6319d0e5764fa69d88fcb2264424d8d9d6303"}
,"/Users/alexander.grisales/Projects/Personal/cafeto-software/appMobileCafeto/src/core/validations/validation-messages.ts": {"path":"/Users/alexander.grisales/Projects/Personal/cafeto-software/appMobileCafeto/src/core/validations/validation-messages.ts","statementMap":{"0":{"start":{"line":6,"column":17},"end":{"line":10,"column":1}},"1":{"start":{"line":7,"column":14},"end":{"line":7,"column":58}},"2":{"start":{"line":8,"column":31},"end":{"line":8,"column":91}},"3":{"start":{"line":9,"column":59},"end":{"line":9,"column":109}},"4":{"start":{"line":12,"column":26},"end":{"line":12,"column":86}},"5":{"start":{"line":12,"column":72},"end":{"line":12,"column":86}}},"fnMap":{"0":{"name":"(anonymous_0)","decl":{"start":{"line":7,"column":8},"end":{"line":7,"column":9}},"loc":{"start":{"line":7,"column":14},"end":{"line":7,"column":58}},"line":7},"1":{"name":"(anonymous_1)","decl":{"start":{"line":8,"column":11},"end":{"line":8,"column":12}},"loc":{"start":{"line":8,"column":31},"end":{"line":8,"column":91}},"line":8},"2":{"name":"(anonymous_2)","decl":{"start":{"line":9,"column":14},"end":{"line":9,"column":15}},"loc":{"start":{"line":9,"column":59},"end":{"line":9,"column":109}},"line":9},"3":{"name":"(anonymous_3)","decl":{"start":{"line":12,"column":26},"end":{"line":12,"column":27}},"loc":{"start":{"line":12,"column":72},"end":{"line":12,"column":86}},"line":12}},"branchMap":{"0":{"loc":{"start":{"line":8,"column":31},"end":{"line":8,"column":91}},"type":"cond-expr","locations":[{"start":{"line":8,"column":39},"end":{"line":8,"column":65}},{"start":{"line":8,"column":68},"end":{"line":8,"column":91}}],"line":8}},"s":{"0":0,"1":0,"2":0,"3":0,"4":0,"5":0},"f":{"0":0,"1":0,"2":0,"3":0},"b":{"0":[0,0]},"hash":"2ccd960063a552fe051dcae2d556b367bcac7f9d"}
,"/Users/alexander.grisales/Projects/Personal/cafeto-software/appMobileCafeto/src/core/validations/validations.ts": {"path":"/Users/alexander.grisales/Projects/Personal/cafeto-software/appMobileCafeto/src/core/validations/validations.ts","statementMap":{"0":{"start":{"line":1,"column":21},"end":{"line":1,"column":108}},"1":{"start":{"line":1,"column":49},"end":{"line":1,"column":108}},"2":{"start":{"line":3,"column":25},"end":{"line":3,"column":92}},"3":{"start":{"line":3,"column":66},"end":{"line":3,"column":92}}},"fnMap":{"0":{"name":"(anonymous_0)","decl":{"start":{"line":1,"column":21},"end":{"line":1,"column":22}},"loc":{"start":{"line":1,"column":49},"end":{"line":1,"column":108}},"line":1},"1":{"name":"(anonymous_1)","decl":{"start":{"line":3,"column":25},"end":{"line":3,"column":26}},"loc":{"start":{"line":3,"column":66},"end":{"line":3,"column":92}},"line":3}},"branchMap":{"0":{"loc":{"start":{"line":3,"column":67},"end":{"line":3,"column":78}},"type":"binary-expr","locations":[{"start":{"line":3,"column":67},"end":{"line":3,"column":72}},{"start":{"line":3,"column":76},"end":{"line":3,"column":78}}],"line":3}},"s":{"0":0,"1":0,"2":0,"3":0},"f":{"0":0,"1":0},"b":{"0":[0,0]},"hash":"a065fcc201c0f621b9fb8db9d3b28e8502e95610"}
,"/Users/alexander.grisales/Projects/Personal/cafeto-software/appMobileCafeto/src/services/index.ts": {"path":"/Users/alexander.grisales/Projects/Personal/cafeto-software/appMobileCafeto/src/services/index.ts","statementMap":{},"fnMap":{},"branchMap":{},"s":{},"f":{},"b":{},"hash":"d41ab2346d44c68c5bdd1059b953a12fbdd9c0b5"}
,"/Users/alexander.grisales/Projects/Personal/cafeto-software/appMobileCafeto/src/services/auth/index.ts": {"path":"/Users/alexander.grisales/Projects/Personal/cafeto-software/appMobileCafeto/src/services/auth/index.ts","statementMap":{"0":{"start":{"line":10,"column":2},"end":{"line":10,"column":80}},"1":{"start":{"line":14,"column":14},"end":{"line":14,"column":54}},"2":{"start":{"line":15,"column":30},"end":{"line":15,"column":37}},"3":{"start":{"line":16,"column":15},"end":{"line":19,"column":3}},"4":{"start":{"line":20,"column":2},"end":{"line":20,"column":97}},"5":{"start":{"line":20,"column":82},"end":{"line":20,"column":95}},"6":{"start":{"line":24,"column":14},"end":{"line":24,"column":62}},"7":{"start":{"line":25,"column":2},"end":{"line":25,"column":92}},"8":{"start":{"line":25,"column":77},"end":{"line":25,"column":90}},"9":{"start":{"line":29,"column":27},"end":{"line":29,"column":80}}},"fnMap":{"0":{"name":"(anonymous_0)","decl":{"start":{"line":9,"column":1},"end":{"line":9,"column":2}},"loc":{"start":{"line":9,"column":47},"end":{"line":11,"column":2}},"line":9},"1":{"name":"(anonymous_1)","decl":{"start":{"line":13,"column":1},"end":{"line":13,"column":2}},"loc":{"start":{"line":13,"column":61},"end":{"line":21,"column":2}},"line":13},"2":{"name":"(anonymous_2)","decl":{"start":{"line":20,"column":63},"end":{"line":20,"column":64}},"loc":{"start":{"line":20,"column":82},"end":{"line":20,"column":95}},"line":20},"3":{"name":"(anonymous_3)","decl":{"start":{"line":23,"column":1},"end":{"line":23,"column":2}},"loc":{"start":{"line":23,"column":77},"end":{"line":26,"column":2}},"line":23},"4":{"name":"(anonymous_4)","decl":{"start":{"line":25,"column":58},"end":{"line":25,"column":59}},"loc":{"start":{"line":25,"column":77},"end":{"line":25,"column":90}},"line":25}},"branchMap":{},"s":{"0":0,"1":0,"2":0,"3":0,"4":0,"5":0,"6":0,"7":0,"8":0,"9":0},"f":{"0":0,"1":0,"2":0,"3":0,"4":0},"b":{},"hash":"5d7a40ca42efce16db6dbb1b4ff23be1d2222bae"}
,"/Users/alexander.grisales/Projects/Personal/cafeto-software/appMobileCafeto/src/services/auth/interface.ts": {"path":"/Users/alexander.grisales/Projects/Personal/cafeto-software/appMobileCafeto/src/services/auth/interface.ts","statementMap":{},"fnMap":{},"branchMap":{},"s":{},"f":{},"b":{},"hash":"5ffb8b939c844ad93126d70ddfca4ac3980848e9"}
,"/Users/alexander.grisales/Projects/Personal/cafeto-software/appMobileCafeto/src/services/event/index.ts": {"path":"/Users/alexander.grisales/Projects/Personal/cafeto-software/appMobileCafeto/src/services/event/index.ts","statementMap":{"0":{"start":{"line":9,"column":28},"end":{"line":9,"column":69}},"1":{"start":{"line":12,"column":2},"end":{"line":12,"column":83}},"2":{"start":{"line":16,"column":19},"end":{"line":16,"column":33}},"3":{"start":{"line":17,"column":36},"end":{"line":17,"column":43}},"4":{"start":{"line":18,"column":2},"end":{"line":24,"column":5}},"5":{"start":{"line":19,"column":3},"end":{"line":23,"column":4}},"6":{"start":{"line":20,"column":4},"end":{"line":20,"column":59}},"7":{"start":{"line":22,"column":4},"end":{"line":22,"column":50}},"8":{"start":{"line":26,"column":2},"end":{"line":32,"column":3}},"9":{"start":{"line":27,"column":3},"end":{"line":31,"column":6}},"10":{"start":{"line":33,"column":2},"end":{"line":33,"column":18}},"11":{"start":{"line":37,"column":14},"end":{"line":37,"column":54}},"12":{"start":{"line":38,"column":2},"end":{"line":38,"column":80}},"13":{"start":{"line":42,"column":14},"end":{"line":42,"column":58}},"14":{"start":{"line":43,"column":2},"end":{"line":48,"column":5}},"15":{"start":{"line":44,"column":3},"end":{"line":47,"column":19}},"16":{"start":{"line":46,"column":17},"end":{"line":46,"column":76}},"17":{"start":{"line":52,"column":15},"end":{"line":52,"column":48}},"18":{"start":{"line":53,"column":2},"end":{"line":55,"column":3}},"19":{"start":{"line":54,"column":3},"end":{"line":54,"column":32}},"20":{"start":{"line":56,"column":2},"end":{"line":56,"column":27}},"21":{"start":{"line":60,"column":14},"end":{"line":60,"column":53}},"22":{"start":{"line":61,"column":2},"end":{"line":61,"column":83}},"23":{"start":{"line":61,"column":68},"end":{"line":61,"column":81}},"24":{"start":{"line":65,"column":14},"end":{"line":65,"column":61}},"25":{"start":{"line":66,"column":2},"end":{"line":71,"column":5}},"26":{"start":{"line":67,"column":3},"end":{"line":70,"column":19}},"27":{"start":{"line":69,"column":17},"end":{"line":69,"column":76}},"28":{"start":{"line":75,"column":28},"end":{"line":75,"column":55}}},"fnMap":{"0":{"name":"(anonymous_0)","decl":{"start":{"line":11,"column":1},"end":{"line":11,"column":2}},"loc":{"start":{"line":11,"column":47},"end":{"line":13,"column":2}},"line":11},"1":{"name":"(anonymous_1)","decl":{"start":{"line":15,"column":1},"end":{"line":15,"column":2}},"loc":{"start":{"line":15,"column":49},"end":{"line":34,"column":2}},"line":15},"2":{"name":"(anonymous_2)","decl":{"start":{"line":18,"column":38},"end":{"line":18,"column":39}},"loc":{"start":{"line":18,"column":56},"end":{"line":24,"column":3}},"line":18},"3":{"name":"(anonymous_3)","decl":{"start":{"line":36,"column":1},"end":{"line":36,"column":2}},"loc":{"start":{"line":36,"column":41},"end":{"line":39,"column":2}},"line":36},"4":{"name":"(anonymous_4)","decl":{"start":{"line":41,"column":1},"end":{"line":41,"column":2}},"loc":{"start":{"line":41,"column":43},"end":{"line":49,"column":2}},"line":41},"5":{"name":"(anonymous_5)","decl":{"start":{"line":43,"column":26},"end":{"line":43,"column":27}},"loc":{"start":{"line":43,"column":47},"end":{"line":48,"column":3}},"line":43},"6":{"name":"(anonymous_6)","decl":{"start":{"line":46,"column":10},"end":{"line":46,"column":11}},"loc":{"start":{"line":46,"column":17},"end":{"line":46,"column":76}},"line":46},"7":{"name":"(anonymous_7)","decl":{"start":{"line":51,"column":1},"end":{"line":51,"column":2}},"loc":{"start":{"line":51,"column":65},"end":{"line":57,"column":2}},"line":51},"8":{"name":"(anonymous_8)","decl":{"start":{"line":59,"column":1},"end":{"line":59,"column":2}},"loc":{"start":{"line":59,"column":38},"end":{"line":62,"column":2}},"line":59},"9":{"name":"(anonymous_9)","decl":{"start":{"line":61,"column":49},"end":{"line":61,"column":50}},"loc":{"start":{"line":61,"column":68},"end":{"line":61,"column":81}},"line":61},"10":{"name":"(anonymous_10)","decl":{"start":{"line":64,"column":1},"end":{"line":64,"column":2}},"loc":{"start":{"line":64,"column":34},"end":{"line":72,"column":2}},"line":64},"11":{"name":"(anonymous_11)","decl":{"start":{"line":66,"column":21},"end":{"line":66,"column":22}},"loc":{"start":{"line":66,"column":42},"end":{"line":71,"column":3}},"line":66},"12":{"name":"(anonymous_12)","decl":{"start":{"line":69,"column":10},"end":{"line":69,"column":11}},"loc":{"start":{"line":69,"column":17},"end":{"line":69,"column":76}},"line":69}},"branchMap":{"0":{"loc":{"start":{"line":19,"column":3},"end":{"line":23,"column":4}},"type":"if","locations":[{"start":{"line":19,"column":3},"end":{"line":23,"column":4}},{"start":{"line":19,"column":3},"end":{"line":23,"column":4}}],"line":19},"1":{"loc":{"start":{"line":20,"column":4},"end":{"line":20,"column":58}},"type":"binary-expr","locations":[{"start":{"line":20,"column":4},"end":{"line":20,"column":9}},{"start":{"line":20,"column":13},"end":{"line":20,"column":27}},{"start":{"line":20,"column":31},"end":{"line":20,"column":58}}],"line":20},"2":{"loc":{"start":{"line":22,"column":4},"end":{"line":22,"column":49}},"type":"binary-expr","locations":[{"start":{"line":22,"column":4},"end":{"line":22,"column":18}},{"start":{"line":22,"column":22},"end":{"line":22,"column":49}}],"line":22},"3":{"loc":{"start":{"line":26,"column":2},"end":{"line":32,"column":3}},"type":"if","locations":[{"start":{"line":26,"column":2},"end":{"line":32,"column":3}},{"start":{"line":26,"column":2},"end":{"line":32,"column":3}}],"line":26},"4":{"loc":{"start":{"line":53,"column":2},"end":{"line":55,"column":3}},"type":"if","locations":[{"start":{"line":53,"column":2},"end":{"line":55,"column":3}},{"start":{"line":53,"column":2},"end":{"line":55,"column":3}}],"line":53}},"s":{"0":0,"1":0,"2":0,"3":0,"4":0,"5":0,"6":0,"7":0,"8":0,"9":0,"10":0,"11":0,"12":0,"13":0,"14":0,"15":0,"16":0,"17":0,"18":0,"19":0,"20":0,"21":0,"22":0,"23":0,"24":0,"25":0,"26":0,"27":0,"28":0},"f":{"0":0,"1":0,"2":0,"3":0,"4":0,"5":0,"6":0,"7":0,"8":0,"9":0,"10":0,"11":0,"12":0},"b":{"0":[0,0],"1":[0,0,0],"2":[0,0],"3":[0,0],"4":[0,0]},"hash":"7d7b5afe2f10131958083786cf34d6a3580b4fb4"}
,"/Users/alexander.grisales/Projects/Personal/cafeto-software/appMobileCafeto/src/services/event/interface.ts": {"path":"/Users/alexander.grisales/Projects/Personal/cafeto-software/appMobileCafeto/src/services/event/interface.ts","statementMap":{},"fnMap":{},"branchMap":{},"s":{},"f":{},"b":{},"hash":"5ccac47d30673a0b229fd131677cba0d8bfe74ae"}
,"/Users/alexander.grisales/Projects/Personal/cafeto-software/appMobileCafeto/src/store/index.ts": {"path":"/Users/alexander.grisales/Projects/Personal/cafeto-software/appMobileCafeto/src/store/index.ts","statementMap":{"0":{"start":{"line":5,"column":30},"end":{"line":7,"column":1}},"1":{"start":{"line":6,"column":1},"end":{"line":6,"column":66}}},"fnMap":{"0":{"name":"(anonymous_0)","decl":{"start":{"line":5,"column":30},"end":{"line":5,"column":31}},"loc":{"start":{"line":5,"column":36},"end":{"line":7,"column":1}},"line":5}},"branchMap":{},"s":{"0":0,"1":0},"f":{"0":0},"b":{},"hash":"a9a1f50a70308db4627dfb6fb4bd56d38bae9c74"}
,"/Users/alexander.grisales/Projects/Personal/cafeto-software/appMobileCafeto/src/store/actions/index.ts": {"path":"/Users/alexander.grisales/Projects/Personal/cafeto-software/appMobileCafeto/src/store/actions/index.ts","statementMap":{},"fnMap":{},"branchMap":{},"s":{},"f":{},"b":{},"hash":"022990574c3c664735892b2a6a7885c391b67315"}
,"/Users/alexander.grisales/Projects/Personal/cafeto-software/appMobileCafeto/src/store/actions/authentication-token/index.ts": {"path":"/Users/alexander.grisales/Projects/Personal/cafeto-software/appMobileCafeto/src/store/actions/authentication-token/index.ts","statementMap":{"0":{"start":{"line":4,"column":28},"end":{"line":7,"column":2}},"1":{"start":{"line":4,"column":76},"end":{"line":7,"column":1}},"2":{"start":{"line":9,"column":25},"end":{"line":12,"column":2}},"3":{"start":{"line":9,"column":98},"end":{"line":12,"column":1}},"4":{"start":{"line":14,"column":28},"end":{"line":17,"column":2}},"5":{"start":{"line":14,"column":67},"end":{"line":17,"column":1}},"6":{"start":{"line":19,"column":26},"end":{"line":21,"column":2}},"7":{"start":{"line":19,"column":51},"end":{"line":21,"column":1}},"8":{"start":{"line":23,"column":24},"end":{"line":31,"column":1}},"9":{"start":{"line":23,"column":30},"end":{"line":31,"column":1}},"10":{"start":{"line":24,"column":1},"end":{"line":24,"column":26}},"11":{"start":{"line":25,"column":1},"end":{"line":30,"column":51}},"12":{"start":{"line":27,"column":33},"end":{"line":27,"column":41}},"13":{"start":{"line":28,"column":3},"end":{"line":28,"column":48}},"14":{"start":{"line":30,"column":20},"end":{"line":30,"column":49}},"15":{"start":{"line":33,"column":27},"end":{"line":38,"column":1}},"16":{"start":{"line":33,"column":33},"end":{"line":38,"column":1}},"17":{"start":{"line":34,"column":1},"end":{"line":34,"column":26}},"18":{"start":{"line":35,"column":1},"end":{"line":37,"column":51}},"19":{"start":{"line":36,"column":15},"end":{"line":36,"column":37}},"20":{"start":{"line":37,"column":20},"end":{"line":37,"column":49}}},"fnMap":{"0":{"name":"(anonymous_0)","decl":{"start":{"line":4,"column":28},"end":{"line":4,"column":29}},"loc":{"start":{"line":4,"column":76},"end":{"line":7,"column":1}},"line":4},"1":{"name":"(anonymous_1)","decl":{"start":{"line":9,"column":25},"end":{"line":9,"column":26}},"loc":{"start":{"line":9,"column":98},"end":{"line":12,"column":1}},"line":9},"2":{"name":"(anonymous_2)","decl":{"start":{"line":14,"column":28},"end":{"line":14,"column":29}},"loc":{"start":{"line":14,"column":67},"end":{"line":17,"column":1}},"line":14},"3":{"name":"(anonymous_3)","decl":{"start":{"line":19,"column":26},"end":{"line":19,"column":27}},"loc":{"start":{"line":19,"column":51},"end":{"line":21,"column":1}},"line":19},"4":{"name":"(anonymous_4)","decl":{"start":{"line":23,"column":24},"end":{"line":23,"column":25}},"loc":{"start":{"line":23,"column":30},"end":{"line":31,"column":1}},"line":23},"5":{"name":"(anonymous_5)","decl":{"start":{"line":23,"column":30},"end":{"line":23,"column":31}},"loc":{"start":{"line":23,"column":44},"end":{"line":31,"column":1}},"line":23},"6":{"name":"(anonymous_6)","decl":{"start":{"line":26,"column":8},"end":{"line":26,"column":9}},"loc":{"start":{"line":26,"column":22},"end":{"line":29,"column":3}},"line":26},"7":{"name":"(anonymous_7)","decl":{"start":{"line":30,"column":9},"end":{"line":30,"column":10}},"loc":{"start":{"line":30,"column":20},"end":{"line":30,"column":49}},"line":30},"8":{"name":"(anonymous_8)","decl":{"start":{"line":33,"column":27},"end":{"line":33,"column":28}},"loc":{"start":{"line":33,"column":33},"end":{"line":38,"column":1}},"line":33},"9":{"name":"(anonymous_9)","decl":{"start":{"line":33,"column":33},"end":{"line":33,"column":34}},"loc":{"start":{"line":33,"column":47},"end":{"line":38,"column":1}},"line":33},"10":{"name":"(anonymous_10)","decl":{"start":{"line":36,"column":8},"end":{"line":36,"column":9}},"loc":{"start":{"line":36,"column":15},"end":{"line":36,"column":37}},"line":36},"11":{"name":"(anonymous_11)","decl":{"start":{"line":37,"column":9},"end":{"line":37,"column":10}},"loc":{"start":{"line":37,"column":20},"end":{"line":37,"column":49}},"line":37}},"branchMap":{"0":{"loc":{"start":{"line":4,"column":29},"end":{"line":4,"column":52}},"type":"default-arg","locations":[{"start":{"line":4,"column":48},"end":{"line":4,"column":52}}],"line":4}},"s":{"0":0,"1":0,"2":0,"3":0,"4":0,"5":0,"6":0,"7":0,"8":0,"9":0,"10":0,"11":0,"12":0,"13":0,"14":0,"15":0,"16":0,"17":0,"18":0,"19":0,"20":0},"f":{"0":0,"1":0,"2":0,"3":0,"4":0,"5":0,"6":0,"7":0,"8":0,"9":0,"10":0,"11":0},"b":{"0":[0]},"hash":"658bd21cb9da283c9913b23c4762458cffd3c2b2"}
,"/Users/alexander.grisales/Projects/Personal/cafeto-software/appMobileCafeto/src/store/actions/authentication-token/interfaces.ts": {"path":"/Users/alexander.grisales/Projects/Personal/cafeto-software/appMobileCafeto/src/store/actions/authentication-token/interfaces.ts","statementMap":{},"fnMap":{},"branchMap":{},"s":{},"f":{},"b":{},"hash":"cff9ad6d4809852ce46dae259aa81879c2e31518"}
,"/Users/alexander.grisales/Projects/Personal/cafeto-software/appMobileCafeto/src/store/actions/login/auth0.ts": {"path":"/Users/alexander.grisales/Projects/Personal/cafeto-software/appMobileCafeto/src/store/actions/login/auth0.ts","statementMap":{"0":{"start":{"line":6,"column":29},"end":{"line":25,"column":1}},"1":{"start":{"line":6,"column":35},"end":{"line":25,"column":1}},"2":{"start":{"line":7,"column":1},"end":{"line":7,"column":26}},"3":{"start":{"line":8,"column":1},"end":{"line":24,"column":5}},"4":{"start":{"line":11,"column":32},"end":{"line":11,"column":40}},"5":{"start":{"line":12,"column":20},"end":{"line":12,"column":65}},"6":{"start":{"line":13,"column":16},"end":{"line":13,"column":89}},"7":{"start":{"line":14,"column":41},"end":{"line":14,"column":45}},"8":{"start":{"line":15,"column":3},"end":{"line":15,"column":47}},"9":{"start":{"line":16,"column":3},"end":{"line":16,"column":61}},"10":{"start":{"line":17,"column":3},"end":{"line":17,"column":48}},"11":{"start":{"line":18,"column":3},"end":{"line":18,"column":36}},"12":{"start":{"line":19,"column":3},"end":{"line":19,"column":33}},"13":{"start":{"line":22,"column":3},"end":{"line":22,"column":33}},"14":{"start":{"line":23,"column":3},"end":{"line":23,"column":33}}},"fnMap":{"0":{"name":"(anonymous_0)","decl":{"start":{"line":6,"column":29},"end":{"line":6,"column":30}},"loc":{"start":{"line":6,"column":35},"end":{"line":25,"column":1}},"line":6},"1":{"name":"(anonymous_1)","decl":{"start":{"line":6,"column":35},"end":{"line":6,"column":36}},"loc":{"start":{"line":6,"column":49},"end":{"line":25,"column":1}},"line":6},"2":{"name":"(anonymous_2)","decl":{"start":{"line":10,"column":8},"end":{"line":10,"column":9}},"loc":{"start":{"line":10,"column":28},"end":{"line":20,"column":3}},"line":10},"3":{"name":"(anonymous_3)","decl":{"start":{"line":21,"column":9},"end":{"line":21,"column":10}},"loc":{"start":{"line":21,"column":20},"end":{"line":24,"column":3}},"line":21}},"branchMap":{"0":{"loc":{"start":{"line":12,"column":20},"end":{"line":12,"column":65}},"type":"binary-expr","locations":[{"start":{"line":12,"column":20},"end":{"line":12,"column":25}},{"start":{"line":12,"column":29},"end":{"line":12,"column":65}}],"line":12}},"s":{"0":0,"1":0,"2":0,"3":0,"4":0,"5":0,"6":0,"7":0,"8":0,"9":0,"10":0,"11":0,"12":0,"13":0,"14":0},"f":{"0":0,"1":0,"2":0,"3":0},"b":{"0":[0,0]},"hash":"7edf346b2cb7428c19294e9a9c7e52f366bc105e"}
,"/Users/alexander.grisales/Projects/Personal/cafeto-software/appMobileCafeto/src/store/actions/login/index.ts": {"path":"/Users/alexander.grisales/Projects/Personal/cafeto-software/appMobileCafeto/src/store/actions/login/index.ts","statementMap":{"0":{"start":{"line":6,"column":28},"end":{"line":9,"column":2}},"1":{"start":{"line":6,"column":76},"end":{"line":9,"column":1}},"2":{"start":{"line":11,"column":28},"end":{"line":14,"column":2}},"3":{"start":{"line":11,"column":81},"end":{"line":14,"column":1}},"4":{"start":{"line":16,"column":28},"end":{"line":19,"column":2}},"5":{"start":{"line":16,"column":67},"end":{"line":19,"column":1}},"6":{"start":{"line":21,"column":22},"end":{"line":23,"column":2}},"7":{"start":{"line":21,"column":29},"end":{"line":23,"column":1}},"8":{"start":{"line":25,"column":21},"end":{"line":43,"column":1}},"9":{"start":{"line":25,"column":71},"end":{"line":43,"column":1}},"10":{"start":{"line":26,"column":1},"end":{"line":26,"column":26}},"11":{"start":{"line":27,"column":1},"end":{"line":27,"column":26}},"12":{"start":{"line":28,"column":1},"end":{"line":42,"column":5}},"13":{"start":{"line":31,"column":41},"end":{"line":31,"column":49}},"14":{"start":{"line":32,"column":3},"end":{"line":32,"column":47}},"15":{"start":{"line":33,"column":3},"end":{"line":33,"column":61}},"16":{"start":{"line":34,"column":3},"end":{"line":34,"column":36}},"17":{"start":{"line":35,"column":3},"end":{"line":35,"column":33}},"18":{"start":{"line":36,"column":3},"end":{"line":36,"column":48}},"19":{"start":{"line":39,"column":3},"end":{"line":39,"column":35}},"20":{"start":{"line":40,"column":3},"end":{"line":40,"column":33}},"21":{"start":{"line":41,"column":3},"end":{"line":41,"column":33}},"22":{"start":{"line":45,"column":29},"end":{"line":58,"column":1}},"23":{"start":{"line":45,"column":35},"end":{"line":58,"column":1}},"24":{"start":{"line":46,"column":1},"end":{"line":46,"column":26}},"25":{"start":{"line":47,"column":1},"end":{"line":57,"column":5}},"26":{"start":{"line":50,"column":3},"end":{"line":50,"column":51}},"27":{"start":{"line":51,"column":3},"end":{"line":51,"column":22}},"28":{"start":{"line":52,"column":3},"end":{"line":52,"column":26}},"29":{"start":{"line":53,"column":3},"end":{"line":53,"column":33}},"30":{"start":{"line":56,"column":3},"end":{"line":56,"column":33}}},"fnMap":{"0":{"name":"(anonymous_0)","decl":{"start":{"line":6,"column":28},"end":{"line":6,"column":29}},"loc":{"start":{"line":6,"column":76},"end":{"line":9,"column":1}},"line":6},"1":{"name":"(anonymous_1)","decl":{"start":{"line":11,"column":28},"end":{"line":11,"column":29}},"loc":{"start":{"line":11,"column":81},"end":{"line":14,"column":1}},"line":11},"2":{"name":"(anonymous_2)","decl":{"start":{"line":16,"column":28},"end":{"line":16,"column":29}},"loc":{"start":{"line":16,"column":67},"end":{"line":19,"column":1}},"line":16},"3":{"name":"(anonymous_3)","decl":{"start":{"line":21,"column":22},"end":{"line":21,"column":23}},"loc":{"start":{"line":21,"column":29},"end":{"line":23,"column":1}},"line":21},"4":{"name":"(anonymous_4)","decl":{"start":{"line":25,"column":21},"end":{"line":25,"column":22}},"loc":{"start":{"line":25,"column":71},"end":{"line":43,"column":1}},"line":25},"5":{"name":"(anonymous_5)","decl":{"start":{"line":25,"column":71},"end":{"line":25,"column":72}},"loc":{"start":{"line":25,"column":85},"end":{"line":43,"column":1}},"line":25},"6":{"name":"(anonymous_6)","decl":{"start":{"line":30,"column":8},"end":{"line":30,"column":9}},"loc":{"start":{"line":30,"column":28},"end":{"line":37,"column":3}},"line":30},"7":{"name":"(anonymous_7)","decl":{"start":{"line":38,"column":9},"end":{"line":38,"column":10}},"loc":{"start":{"line":38,"column":26},"end":{"line":42,"column":3}},"line":38},"8":{"name":"(anonymous_8)","decl":{"start":{"line":45,"column":29},"end":{"line":45,"column":30}},"loc":{"start":{"line":45,"column":35},"end":{"line":58,"column":1}},"line":45},"9":{"name":"(anonymous_9)","decl":{"start":{"line":45,"column":35},"end":{"line":45,"column":36}},"loc":{"start":{"line":45,"column":49},"end":{"line":58,"column":1}},"line":45},"10":{"name":"(anonymous_10)","decl":{"start":{"line":49,"column":8},"end":{"line":49,"column":9}},"loc":{"start":{"line":49,"column":21},"end":{"line":54,"column":3}},"line":49},"11":{"name":"(anonymous_11)","decl":{"start":{"line":55,"column":9},"end":{"line":55,"column":10}},"loc":{"start":{"line":55,"column":20},"end":{"line":57,"column":3}},"line":55}},"branchMap":{"0":{"loc":{"start":{"line":6,"column":29},"end":{"line":6,"column":52}},"type":"default-arg","locations":[{"start":{"line":6,"column":48},"end":{"line":6,"column":52}}],"line":6}},"s":{"0":0,"1":0,"2":0,"3":0,"4":0,"5":0,"6":0,"7":0,"8":0,"9":0,"10":0,"11":0,"12":0,"13":0,"14":0,"15":0,"16":0,"17":0,"18":0,"19":0,"20":0,"21":0,"22":0,"23":0,"24":0,"25":0,"26":0,"27":0,"28":0,"29":0,"30":0},"f":{"0":0,"1":0,"2":0,"3":0,"4":0,"5":0,"6":0,"7":0,"8":0,"9":0,"10":0,"11":0},"b":{"0":[0]},"hash":"78aa0988538a0eabd7eefddef516947d5a9a7831"}
,"/Users/alexander.grisales/Projects/Personal/cafeto-software/appMobileCafeto/src/store/actions/login/interfaces.ts": {"path":"/Users/alexander.grisales/Projects/Personal/cafeto-software/appMobileCafeto/src/store/actions/login/interfaces.ts","statementMap":{},"fnMap":{},"branchMap":{},"s":{},"f":{},"b":{},"hash":"8e9f6ecc8a24768710e4af0144be07e121f42a8c"}
,"/Users/alexander.grisales/Projects/Personal/cafeto-software/appMobileCafeto/src/store/middleware/index.ts": {"path":"/Users/alexander.grisales/Projects/Personal/cafeto-software/appMobileCafeto/src/store/middleware/index.ts","statementMap":{},"fnMap":{},"branchMap":{},"s":{},"f":{},"b":{},"hash":"60071f615b510822cf130e7897ac5985d8ff4828"}
,"/Users/alexander.grisales/Projects/Personal/cafeto-software/appMobileCafeto/src/store/reducers/index.ts": {"path":"/Users/alexander.grisales/Projects/Personal/cafeto-software/appMobileCafeto/src/store/reducers/index.ts","statementMap":{},"fnMap":{},"branchMap":{},"s":{},"f":{},"b":{},"hash":"db9a45f51773e61d572f330d68b2ab3e83215362"}
,"/Users/alexander.grisales/Projects/Personal/cafeto-software/appMobileCafeto/src/store/reducers/authentication-token/index.ts": {"path":"/Users/alexander.grisales/Projects/Personal/cafeto-software/appMobileCafeto/src/store/reducers/authentication-token/index.ts","statementMap":{"0":{"start":{"line":3,"column":45},"end":{"line":3,"column":66}},"1":{"start":{"line":11,"column":47},"end":{"line":16,"column":1}},"2":{"start":{"line":18,"column":42},"end":{"line":31,"column":1}},"3":{"start":{"line":19,"column":1},"end":{"line":30,"column":2}},"4":{"start":{"line":21,"column":3},"end":{"line":21,"column":48}},"5":{"start":{"line":23,"column":3},"end":{"line":23,"column":111}},"6":{"start":{"line":25,"column":3},"end":{"line":25,"column":72}},"7":{"start":{"line":27,"column":3},"end":{"line":27,"column":95}},"8":{"start":{"line":29,"column":3},"end":{"line":29,"column":16}}},"fnMap":{"0":{"name":"(anonymous_0)","decl":{"start":{"line":18,"column":42},"end":{"line":18,"column":43}},"loc":{"start":{"line":18,"column":94},"end":{"line":31,"column":1}},"line":18}},"branchMap":{"0":{"loc":{"start":{"line":18,"column":43},"end":{"line":18,"column":63}},"type":"default-arg","locations":[{"start":{"line":18,"column":51},"end":{"line":18,"column":63}}],"line":18},"1":{"loc":{"start":{"line":19,"column":1},"end":{"line":30,"column":2}},"type":"switch","locations":[{"start":{"line":20,"column":2},"end":{"line":21,"column":48}},{"start":{"line":22,"column":2},"end":{"line":23,"column":111}},{"start":{"line":24,"column":2},"end":{"line":25,"column":72}},{"start":{"line":26,"column":2},"end":{"line":27,"column":95}},{"start":{"line":28,"column":2},"end":{"line":29,"column":16}}],"line":19}},"s":{"0":0,"1":0,"2":0,"3":0,"4":0,"5":0,"6":0,"7":0,"8":0},"f":{"0":0},"b":{"0":[0],"1":[0,0,0,0,0]},"hash":"a5eef5e22b4bfb25e035c66b250c8fc06e2a9273"}
,"/Users/alexander.grisales/Projects/Personal/cafeto-software/appMobileCafeto/src/store/reducers/login/index.ts": {"path":"/Users/alexander.grisales/Projects/Personal/cafeto-software/appMobileCafeto/src/store/reducers/login/index.ts","statementMap":{"0":{"start":{"line":3,"column":31},"end":{"line":3,"column":38}},"1":{"start":{"line":10,"column":33},"end":{"line":14,"column":1}},"2":{"start":{"line":16,"column":28},"end":{"line":42,"column":1}},"3":{"start":{"line":17,"column":1},"end":{"line":41,"column":2}},"4":{"start":{"line":19,"column":3},"end":{"line":22,"column":5}},"5":{"start":{"line":26,"column":7},"end":{"line":26,"column":13}},"6":{"start":{"line":27,"column":3},"end":{"line":31,"column":5}},"7":{"start":{"line":33,"column":3},"end":{"line":36,"column":5}},"8":{"start":{"line":38,"column":3},"end":{"line":38,"column":35}},"9":{"start":{"line":40,"column":3},"end":{"line":40,"column":16}}},"fnMap":{"0":{"name":"(anonymous_0)","decl":{"start":{"line":16,"column":28},"end":{"line":16,"column":29}},"loc":{"start":{"line":16,"column":80},"end":{"line":42,"column":1}},"line":16}},"branchMap":{"0":{"loc":{"start":{"line":16,"column":29},"end":{"line":16,"column":49}},"type":"default-arg","locations":[{"start":{"line":16,"column":37},"end":{"line":16,"column":49}}],"line":16},"1":{"loc":{"start":{"line":17,"column":1},"end":{"line":41,"column":2}},"type":"switch","locations":[{"start":{"line":18,"column":2},"end":{"line":22,"column":5}},{"start":{"line":23,"column":2},"end":{"line":31,"column":5}},{"start":{"line":32,"column":2},"end":{"line":36,"column":5}},{"start":{"line":37,"column":2},"end":{"line":38,"column":35}},{"start":{"line":39,"column":2},"end":{"line":40,"column":16}}],"line":17}},"s":{"0":0,"1":0,"2":0,"3":0,"4":0,"5":0,"6":0,"7":0,"8":0,"9":0},"f":{"0":0},"b":{"0":[0],"1":[0,0,0,0,0]},"hash":"3c98e0eb7ad0abf4362044f54b4ed2381afd91c6"}
,"/Users/alexander.grisales/Projects/Personal/cafeto-software/appMobileCafeto/src/store/selectors/index.ts": {"path":"/Users/alexander.grisales/Projects/Personal/cafeto-software/appMobileCafeto/src/store/selectors/index.ts","statementMap":{},"fnMap":{},"branchMap":{},"s":{},"f":{},"b":{},"hash":"fddf5d91067d78f192b3db84e57fde4090665280"}
,"/Users/alexander.grisales/Projects/Personal/cafeto-software/appMobileCafeto/src/store/selectors/authentication-token/index.ts": {"path":"/Users/alexander.grisales/Projects/Personal/cafeto-software/appMobileCafeto/src/store/selectors/authentication-token/index.ts","statementMap":{"0":{"start":{"line":4,"column":41},"end":{"line":4,"column":88}},"1":{"start":{"line":4,"column":52},"end":{"line":4,"column":88}},"2":{"start":{"line":6,"column":41},"end":{"line":9,"column":1}},"3":{"start":{"line":8,"column":38},"end":{"line":8,"column":49}},"4":{"start":{"line":11,"column":43},"end":{"line":14,"column":1}},"5":{"start":{"line":13,"column":38},"end":{"line":13,"column":51}},"6":{"start":{"line":16,"column":41},"end":{"line":19,"column":1}},"7":{"start":{"line":18,"column":38},"end":{"line":18,"column":49}}},"fnMap":{"0":{"name":"(anonymous_0)","decl":{"start":{"line":4,"column":41},"end":{"line":4,"column":42}},"loc":{"start":{"line":4,"column":52},"end":{"line":4,"column":88}},"line":4},"1":{"name":"(anonymous_1)","decl":{"start":{"line":8,"column":1},"end":{"line":8,"column":2}},"loc":{"start":{"line":8,"column":38},"end":{"line":8,"column":49}},"line":8},"2":{"name":"(anonymous_2)","decl":{"start":{"line":13,"column":1},"end":{"line":13,"column":2}},"loc":{"start":{"line":13,"column":38},"end":{"line":13,"column":51}},"line":13},"3":{"name":"(anonymous_3)","decl":{"start":{"line":18,"column":1},"end":{"line":18,"column":2}},"loc":{"start":{"line":18,"column":38},"end":{"line":18,"column":49}},"line":18}},"branchMap":{},"s":{"0":0,"1":0,"2":0,"3":0,"4":0,"5":0,"6":0,"7":0},"f":{"0":0,"1":0,"2":0,"3":0},"b":{},"hash":"e017bfffed7f309b2e4cc7748e5f8fdd507097ea"}
,"/Users/alexander.grisales/Projects/Personal/cafeto-software/appMobileCafeto/src/store/selectors/login/index.ts": {"path":"/Users/alexander.grisales/Projects/Personal/cafeto-software/appMobileCafeto/src/store/selectors/login/index.ts","statementMap":{"0":{"start":{"line":5,"column":32},"end":{"line":5,"column":65}},"1":{"start":{"line":5,"column":43},"end":{"line":5,"column":65}},"2":{"start":{"line":7,"column":26},"end":{"line":7,"column":93}},"3":{"start":{"line":7,"column":82},"end":{"line":7,"column":92}},"4":{"start":{"line":9,"column":34},"end":{"line":9,"column":104}},"5":{"start":{"line":9,"column":90},"end":{"line":9,"column":103}},"6":{"start":{"line":11,"column":32},"end":{"line":11,"column":100}},"7":{"start":{"line":11,"column":88},"end":{"line":11,"column":99}}},"fnMap":{"0":{"name":"(anonymous_0)","decl":{"start":{"line":5,"column":32},"end":{"line":5,"column":33}},"loc":{"start":{"line":5,"column":43},"end":{"line":5,"column":65}},"line":5},"1":{"name":"(anonymous_1)","decl":{"start":{"line":7,"column":59},"end":{"line":7,"column":60}},"loc":{"start":{"line":7,"column":82},"end":{"line":7,"column":92}},"line":7},"2":{"name":"(anonymous_2)","decl":{"start":{"line":9,"column":67},"end":{"line":9,"column":68}},"loc":{"start":{"line":9,"column":90},"end":{"line":9,"column":103}},"line":9},"3":{"name":"(anonymous_3)","decl":{"start":{"line":11,"column":65},"end":{"line":11,"column":66}},"loc":{"start":{"line":11,"column":88},"end":{"line":11,"column":99}},"line":11}},"branchMap":{},"s":{"0":0,"1":0,"2":0,"3":0,"4":0,"5":0,"6":0,"7":0},"f":{"0":0,"1":0,"2":0,"3":0},"b":{},"hash":"fbd74b0c6356efdf802f988cc57b7129e77e60d0"}
}
