TN:
SF:/Users/alexander.grisales/Projects/Personal/cafeto-software/appMobileCafeto/src/config/index.ts
FNF:0
FNH:0
DA:3,0
LF:1
LH:0
BRF:0
BRH:0
end_of_record
TN:
SF:/Users/alexander.grisales/Projects/Personal/cafeto-software/appMobileCafeto/src/containers/login/login-interface.ts
FNF:0
FNH:0
LF:0
LH:0
BRF:0
BRH:0
end_of_record
TN:
SF:/Users/alexander.grisales/Projects/Personal/cafeto-software/appMobileCafeto/src/containers/login/actions/index.ts
FN:12,(anonymous_0)
FN:17,(anonymous_1)
FN:22,(anonymous_2)
FN:27,(anonymous_3)
FN:32,(anonymous_4)
FN:32,(anonymous_5)
FN:34,(anonymous_6)
FNF:7
FNH:0
FNDA:0,(anonymous_0)
FNDA:0,(anonymous_1)
FNDA:0,(anonymous_2)
FNDA:0,(anonymous_3)
FNDA:0,(anonymous_4)
FNDA:0,(anonymous_5)
FNDA:0,(anonymous_6)
DA:12,0
DA:17,0
DA:22,0
DA:27,0
DA:32,0
DA:33,0
DA:35,0
LF:7
LH:0
BRF:0
BRH:0
end_of_record
TN:
SF:/Users/alexander.grisales/Projects/Personal/cafeto-software/appMobileCafeto/src/containers/login/reducers/index.ts
FN:20,(anonymous_0)
FNF:1
FNH:0
FNDA:0,(anonymous_0)
DA:11,0
DA:18,0
DA:20,0
DA:21,0
DA:23,0
DA:28,0
DA:29,0
DA:37,0
DA:43,0
DA:45,0
LF:10
LH:0
BRDA:20,0,0,0
BRDA:21,1,0,0
BRDA:21,1,1,0
BRDA:21,1,2,0
BRDA:21,1,3,0
BRDA:21,1,4,0
BRF:6
BRH:0
end_of_record
TN:
SF:/Users/alexander.grisales/Projects/Personal/cafeto-software/appMobileCafeto/src/containers/login/selectors/index.ts
FN:5,(anonymous_0)
FN:9,(anonymous_1)
FNF:2
FNH:0
FNDA:0,(anonymous_0)
FNDA:0,(anonymous_1)
DA:5,0
DA:7,0
DA:9,0
LF:3
LH:0
BRF:0
BRH:0
end_of_record
TN:
SF:/Users/alexander.grisales/Projects/Personal/cafeto-software/appMobileCafeto/src/store/index.ts
FNF:0
FNH:0
DA:6,0
DA:15,0
DA:20,0
DA:23,0
LF:4
LH:0
BRDA:15,0,0,0
BRDA:15,0,1,0
BRDA:15,0,2,0
BRF:3
BRH:0
end_of_record
TN:
SF:/Users/alexander.grisales/Projects/Personal/cafeto-software/appMobileCafeto/src/store/middleware/index.ts
FNF:0
FNH:0
LF:0
LH:0
BRF:0
BRH:0
end_of_record
TN:
SF:/Users/alexander.grisales/Projects/Personal/cafeto-software/appMobileCafeto/src/store/reducers/index.ts
FNF:0
FNH:0
LF:0
LH:0
BRF:0
BRH:0
end_of_record
TN:
SF:/Users/alexander.grisales/Projects/Personal/cafeto-software/appMobileCafeto/src/utils/authentication.ts
FN:5,(anonymous_0)
FN:10,(anonymous_1)
FN:14,(anonymous_2)
FNF:3
FNH:0
FNDA:0,(anonymous_0)
FNDA:0,(anonymous_1)
FNDA:0,(anonymous_2)
DA:3,0
DA:5,0
DA:6,0
DA:10,0
DA:11,0
DA:14,0
DA:15,0
LF:7
LH:0
BRF:0
BRH:0
end_of_record
TN:
SF:/Users/alexander.grisales/Projects/Personal/cafeto-software/appMobileCafeto/src/utils/theme/button.ts
FNF:0
FNH:0
DA:4,0
DA:6,0
DA:11,0
LF:3
LH:0
BRF:0
BRH:0
end_of_record
TN:
SF:/Users/alexander.grisales/Projects/Personal/cafeto-software/appMobileCafeto/src/utils/theme/colors.ts
FNF:0
FNH:0
DA:1,0
LF:1
LH:0
BRF:0
BRH:0
end_of_record
TN:
SF:/Users/alexander.grisales/Projects/Personal/cafeto-software/appMobileCafeto/src/utils/theme/index.ts
FNF:0
FNH:0
LF:0
LH:0
BRF:0
BRH:0
end_of_record
TN:
SF:/Users/alexander.grisales/Projects/Personal/cafeto-software/appMobileCafeto/src/utils/theme/text-input.ts
FNF:0
FNH:0
DA:4,0
DA:6,0
DA:11,0
DA:18,0
LF:4
LH:0
BRF:0
BRH:0
end_of_record
TN:
SF:/Users/alexander.grisales/Projects/Personal/cafeto-software/appMobileCafeto/src/utils/theme/validations.ts
FNF:0
FNH:0
DA:5,0
DA:7,0
LF:2
LH:0
BRF:0
BRH:0
end_of_record
TN:
SF:/Users/alexander.grisales/Projects/Personal/cafeto-software/appMobileCafeto/src/utils/validations/validations.ts
FN:1,(anonymous_0)
FN:3,(anonymous_1)
FNF:2
FNH:2
FNDA:2,(anonymous_0)
FNDA:3,(anonymous_1)
DA:1,2
DA:3,3
LF:2
LH:2
BRDA:3,0,0,3
BRDA:3,0,1,1
BRF:2
BRH:2
end_of_record
