TN:
SF:/Users/alexander.grisales/Projects/Personal/cafeto-software/appMobileCafeto/src/app-interface.ts
FNF:0
FNH:0
LF:0
LH:0
BRF:0
BRH:0
end_of_record
TN:
SF:/Users/alexander.grisales/Projects/Personal/cafeto-software/appMobileCafeto/src/components/index.ts
FNF:0
FNH:0
LF:0
LH:0
BRF:0
BRH:0
end_of_record
TN:
SF:/Users/alexander.grisales/Projects/Personal/cafeto-software/appMobileCafeto/src/components/button/interface.ts
FNF:0
FNH:0
LF:0
LH:0
BRF:0
BRH:0
end_of_record
TN:
SF:/Users/alexander.grisales/Projects/Personal/cafeto-software/appMobileCafeto/src/components/card/card-interface.ts
FNF:0
FNH:0
LF:0
LH:0
BRF:0
BRH:0
end_of_record
TN:
SF:/Users/alexander.grisales/Projects/Personal/cafeto-software/appMobileCafeto/src/components/card/index.ts
FNF:0
FNH:0
LF:0
LH:0
BRF:0
BRH:0
end_of_record
TN:
SF:/Users/alexander.grisales/Projects/Personal/cafeto-software/appMobileCafeto/src/components/card/styles.ts
FNF:0
FNH:0
DA:3,0
LF:1
LH:0
BRF:0
BRH:0
end_of_record
TN:
SF:/Users/alexander.grisales/Projects/Personal/cafeto-software/appMobileCafeto/src/components/footer/interface.ts
FNF:0
FNH:0
LF:0
LH:0
BRF:0
BRH:0
end_of_record
TN:
SF:/Users/alexander.grisales/Projects/Personal/cafeto-software/appMobileCafeto/src/components/footer/styles.ts
FNF:0
FNH:0
LF:0
LH:0
BRF:0
BRH:0
end_of_record
TN:
SF:/Users/alexander.grisales/Projects/Personal/cafeto-software/appMobileCafeto/src/components/form/index.ts
FNF:0
FNH:0
LF:0
LH:0
BRF:0
BRH:0
end_of_record
TN:
SF:/Users/alexander.grisales/Projects/Personal/cafeto-software/appMobileCafeto/src/components/form/text-input/interface.ts
FNF:0
FNH:0
LF:0
LH:0
BRF:0
BRH:0
end_of_record
TN:
SF:/Users/alexander.grisales/Projects/Personal/cafeto-software/appMobileCafeto/src/components/form/text-input/styles.ts
FNF:0
FNH:0
LF:0
LH:0
BRF:0
BRH:0
end_of_record
TN:
SF:/Users/alexander.grisales/Projects/Personal/cafeto-software/appMobileCafeto/src/components/image-picker/config.ts
FNF:0
FNH:0
DA:1,0
LF:1
LH:0
BRF:0
BRH:0
end_of_record
TN:
SF:/Users/alexander.grisales/Projects/Personal/cafeto-software/appMobileCafeto/src/components/image-picker/interface.ts
FNF:0
FNH:0
LF:0
LH:0
BRF:0
BRH:0
end_of_record
TN:
SF:/Users/alexander.grisales/Projects/Personal/cafeto-software/appMobileCafeto/src/components/image-picker/styles.ts
FNF:0
FNH:0
LF:0
LH:0
BRF:0
BRH:0
end_of_record
TN:
SF:/Users/alexander.grisales/Projects/Personal/cafeto-software/appMobileCafeto/src/components/loading-indicator/styles.ts
FNF:0
FNH:0
DA:3,0
LF:1
LH:0
BRF:0
BRH:0
end_of_record
TN:
SF:/Users/alexander.grisales/Projects/Personal/cafeto-software/appMobileCafeto/src/components/map-box/interface.ts
FNF:0
FNH:0
LF:0
LH:0
BRF:0
BRH:0
end_of_record
TN:
SF:/Users/alexander.grisales/Projects/Personal/cafeto-software/appMobileCafeto/src/components/map-box/styles.ts
FNF:0
FNH:0
DA:2,0
DA:19,0
LF:2
LH:0
BRF:0
BRH:0
end_of_record
TN:
SF:/Users/alexander.grisales/Projects/Personal/cafeto-software/appMobileCafeto/src/config/config-service.ts
FN:4,(anonymous_0)
FN:6,(anonymous_1)
FNF:2
FNH:0
FNDA:0,(anonymous_0)
FNDA:0,(anonymous_1)
DA:7,0
DA:11,0
LF:2
LH:0
BRF:0
BRH:0
end_of_record
TN:
SF:/Users/alexander.grisales/Projects/Personal/cafeto-software/appMobileCafeto/src/config/configuration.ts
FNF:0
FNH:0
LF:0
LH:0
BRF:0
BRH:0
end_of_record
TN:
SF:/Users/alexander.grisales/Projects/Personal/cafeto-software/appMobileCafeto/src/config/index.ts
FNF:0
FNH:0
LF:0
LH:0
BRF:0
BRH:0
end_of_record
TN:
SF:/Users/alexander.grisales/Projects/Personal/cafeto-software/appMobileCafeto/src/containers/event-detail/interface.ts
FNF:0
FNH:0
LF:0
LH:0
BRF:0
BRH:0
end_of_record
TN:
SF:/Users/alexander.grisales/Projects/Personal/cafeto-software/appMobileCafeto/src/containers/event-detail/styles.ts
FNF:0
FNH:0
LF:0
LH:0
BRF:0
BRH:0
end_of_record
TN:
SF:/Users/alexander.grisales/Projects/Personal/cafeto-software/appMobileCafeto/src/containers/event-detail/actions/index.ts
FN:4,(anonymous_0)
FN:9,(anonymous_1)
FN:14,(anonymous_2)
FN:19,(anonymous_3)
FN:19,(anonymous_4)
FN:23,(anonymous_5)
FN:27,(anonymous_6)
FNF:7
FNH:0
FNDA:0,(anonymous_0)
FNDA:0,(anonymous_1)
FNDA:0,(anonymous_2)
FNDA:0,(anonymous_3)
FNDA:0,(anonymous_4)
FNDA:0,(anonymous_5)
FNDA:0,(anonymous_6)
DA:4,0
DA:9,0
DA:14,0
DA:19,0
DA:20,0
DA:21,0
DA:24,0
DA:25,0
DA:28,0
DA:29,0
LF:10
LH:0
BRDA:4,0,0,0
BRF:1
BRH:0
end_of_record
TN:
SF:/Users/alexander.grisales/Projects/Personal/cafeto-software/appMobileCafeto/src/containers/event-detail/actions/interface.ts
FNF:0
FNH:0
LF:0
LH:0
BRF:0
BRH:0
end_of_record
TN:
SF:/Users/alexander.grisales/Projects/Personal/cafeto-software/appMobileCafeto/src/containers/event-detail/components/index.ts
FNF:0
FNH:0
LF:0
LH:0
BRF:0
BRH:0
end_of_record
TN:
SF:/Users/alexander.grisales/Projects/Personal/cafeto-software/appMobileCafeto/src/containers/event-detail/components/footer-actions/interface.ts
FNF:0
FNH:0
LF:0
LH:0
BRF:0
BRH:0
end_of_record
TN:
SF:/Users/alexander.grisales/Projects/Personal/cafeto-software/appMobileCafeto/src/containers/event-detail/reducers/index.ts
FN:17,(anonymous_0)
FNF:1
FNH:0
FNDA:0,(anonymous_0)
DA:3,0
DA:11,0
DA:17,0
DA:18,0
DA:20,0
DA:22,0
DA:24,0
DA:26,0
LF:8
LH:0
BRDA:17,0,0,0
BRDA:18,1,0,0
BRDA:18,1,1,0
BRDA:18,1,2,0
BRDA:18,1,3,0
BRF:5
BRH:0
end_of_record
TN:
SF:/Users/alexander.grisales/Projects/Personal/cafeto-software/appMobileCafeto/src/containers/event-detail/selectors/index.ts
FN:4,(anonymous_0)
FN:6,(anonymous_1)
FN:8,(anonymous_2)
FN:10,(anonymous_3)
FNF:4
FNH:0
FNDA:0,(anonymous_0)
FNDA:0,(anonymous_1)
FNDA:0,(anonymous_2)
FNDA:0,(anonymous_3)
DA:4,0
DA:6,0
DA:8,0
DA:10,0
LF:4
LH:0
BRF:0
BRH:0
end_of_record
TN:
SF:/Users/alexander.grisales/Projects/Personal/cafeto-software/appMobileCafeto/src/containers/event-form/interface.ts
FNF:0
FNH:0
LF:0
LH:0
BRF:0
BRH:0
end_of_record
TN:
SF:/Users/alexander.grisales/Projects/Personal/cafeto-software/appMobileCafeto/src/containers/event-form/styles.ts
FNF:0
FNH:0
LF:0
LH:0
BRF:0
BRH:0
end_of_record
TN:
SF:/Users/alexander.grisales/Projects/Personal/cafeto-software/appMobileCafeto/src/containers/event-form/actions/index.ts
FN:4,(anonymous_0)
FN:9,(anonymous_1)
FN:14,(anonymous_2)
FN:19,(anonymous_3)
FN:19,(anonymous_4)
FN:23,(anonymous_5)
FN:27,(anonymous_6)
FNF:7
FNH:0
FNDA:0,(anonymous_0)
FNDA:0,(anonymous_1)
FNDA:0,(anonymous_2)
FNDA:0,(anonymous_3)
FNDA:0,(anonymous_4)
FNDA:0,(anonymous_5)
FNDA:0,(anonymous_6)
DA:4,0
DA:9,0
DA:14,0
DA:19,0
DA:20,0
DA:21,0
DA:24,0
DA:25,0
DA:28,0
DA:29,0
LF:10
LH:0
BRDA:4,0,0,0
BRF:1
BRH:0
end_of_record
TN:
SF:/Users/alexander.grisales/Projects/Personal/cafeto-software/appMobileCafeto/src/containers/event-form/actions/interface.ts
FNF:0
FNH:0
LF:0
LH:0
BRF:0
BRH:0
end_of_record
TN:
SF:/Users/alexander.grisales/Projects/Personal/cafeto-software/appMobileCafeto/src/containers/event-form/form-config/index.ts
FNF:0
FNH:0
DA:1,0
LF:1
LH:0
BRF:0
BRH:0
end_of_record
TN:
SF:/Users/alexander.grisales/Projects/Personal/cafeto-software/appMobileCafeto/src/containers/event-form/reducers/index.ts
FN:17,(anonymous_0)
FNF:1
FNH:0
FNDA:0,(anonymous_0)
DA:3,0
DA:11,0
DA:17,0
DA:18,0
DA:20,0
DA:22,0
DA:24,0
DA:26,0
LF:8
LH:0
BRDA:17,0,0,0
BRDA:18,1,0,0
BRDA:18,1,1,0
BRDA:18,1,2,0
BRDA:18,1,3,0
BRF:5
BRH:0
end_of_record
TN:
SF:/Users/alexander.grisales/Projects/Personal/cafeto-software/appMobileCafeto/src/containers/event-form/schema/index.ts
FNF:0
FNH:0
DA:3,0
LF:1
LH:0
BRF:0
BRH:0
end_of_record
TN:
SF:/Users/alexander.grisales/Projects/Personal/cafeto-software/appMobileCafeto/src/containers/event-form/selectors/index.ts
FN:4,(anonymous_0)
FN:6,(anonymous_1)
FN:8,(anonymous_2)
FN:10,(anonymous_3)
FNF:4
FNH:0
FNDA:0,(anonymous_0)
FNDA:0,(anonymous_1)
FNDA:0,(anonymous_2)
FNDA:0,(anonymous_3)
DA:4,0
DA:6,0
DA:8,0
DA:10,0
LF:4
LH:0
BRF:0
BRH:0
end_of_record
TN:
SF:/Users/alexander.grisales/Projects/Personal/cafeto-software/appMobileCafeto/src/containers/events/event-interface.ts
FNF:0
FNH:0
LF:0
LH:0
BRF:0
BRH:0
end_of_record
TN:
SF:/Users/alexander.grisales/Projects/Personal/cafeto-software/appMobileCafeto/src/containers/events/styles.ts
FNF:0
FNH:0
LF:0
LH:0
BRF:0
BRH:0
end_of_record
TN:
SF:/Users/alexander.grisales/Projects/Personal/cafeto-software/appMobileCafeto/src/containers/events/actions/index.ts
FN:4,(anonymous_0)
FN:9,(anonymous_1)
FN:14,(anonymous_2)
FN:19,(anonymous_3)
FN:19,(anonymous_4)
FN:23,(anonymous_5)
FN:24,(anonymous_6)
FNF:7
FNH:0
FNDA:0,(anonymous_0)
FNDA:0,(anonymous_1)
FNDA:0,(anonymous_2)
FNDA:0,(anonymous_3)
FNDA:0,(anonymous_4)
FNDA:0,(anonymous_5)
FNDA:0,(anonymous_6)
DA:4,0
DA:9,0
DA:14,0
DA:19,0
DA:20,0
DA:21,0
DA:23,0
DA:25,0
DA:26,0
LF:9
LH:0
BRDA:19,0,0,0
BRF:1
BRH:0
end_of_record
TN:
SF:/Users/alexander.grisales/Projects/Personal/cafeto-software/appMobileCafeto/src/containers/events/actions/interfaces.ts
FNF:0
FNH:0
LF:0
LH:0
BRF:0
BRH:0
end_of_record
TN:
SF:/Users/alexander.grisales/Projects/Personal/cafeto-software/appMobileCafeto/src/containers/events/reducers/index.ts
FN:20,(anonymous_0)
FNF:1
FNH:0
FNDA:0,(anonymous_0)
DA:4,0
DA:13,0
DA:20,0
DA:21,0
DA:23,0
DA:24,0
DA:26,0
DA:28,0
DA:30,0
LF:9
LH:0
BRDA:20,0,0,0
BRDA:21,1,0,0
BRDA:21,1,1,0
BRDA:21,1,2,0
BRDA:21,1,3,0
BRDA:24,2,0,0
BRDA:24,2,1,0
BRF:7
BRH:0
end_of_record
TN:
SF:/Users/alexander.grisales/Projects/Personal/cafeto-software/appMobileCafeto/src/containers/events/selectors/index.ts
FN:5,(anonymous_0)
FN:7,(anonymous_1)
FN:9,(anonymous_2)
FN:13,(anonymous_3)
FN:19,(anonymous_4)
FN:19,(anonymous_5)
FN:22,(anonymous_6)
FNF:7
FNH:0
FNDA:0,(anonymous_0)
FNDA:0,(anonymous_1)
FNDA:0,(anonymous_2)
FNDA:0,(anonymous_3)
FNDA:0,(anonymous_4)
FNDA:0,(anonymous_5)
FNDA:0,(anonymous_6)
DA:5,0
DA:7,0
DA:9,0
DA:11,0
DA:16,0
DA:17,0
DA:19,0
DA:22,0
LF:8
LH:0
BRDA:15,0,0,0
BRDA:19,1,0,0
BRDA:19,1,1,0
BRF:3
BRH:0
end_of_record
TN:
SF:/Users/alexander.grisales/Projects/Personal/cafeto-software/appMobileCafeto/src/containers/login/login-context.ts
FN:14,(anonymous_0)
FN:15,(anonymous_1)
FN:16,(anonymous_2)
FN:17,(anonymous_3)
FNF:4
FNH:0
FNDA:0,(anonymous_0)
FNDA:0,(anonymous_1)
FNDA:0,(anonymous_2)
FNDA:0,(anonymous_3)
DA:3,0
DA:16,0
DA:17,0
DA:19,0
LF:4
LH:0
BRF:0
BRH:0
end_of_record
TN:
SF:/Users/alexander.grisales/Projects/Personal/cafeto-software/appMobileCafeto/src/containers/login/login-interface.ts
FNF:0
FNH:0
LF:0
LH:0
BRF:0
BRH:0
end_of_record
TN:
SF:/Users/alexander.grisales/Projects/Personal/cafeto-software/appMobileCafeto/src/containers/login/style.ts
FNF:0
FNH:0
LF:0
LH:0
BRF:0
BRH:0
end_of_record
TN:
SF:/Users/alexander.grisales/Projects/Personal/cafeto-software/appMobileCafeto/src/containers/login/components/index.ts
FNF:0
FNH:0
LF:0
LH:0
BRF:0
BRH:0
end_of_record
TN:
SF:/Users/alexander.grisales/Projects/Personal/cafeto-software/appMobileCafeto/src/core/index.ts
FNF:0
FNH:0
LF:0
LH:0
BRF:0
BRH:0
end_of_record
TN:
SF:/Users/alexander.grisales/Projects/Personal/cafeto-software/appMobileCafeto/src/core/auth0/auth0-service.ts
FN:9,(anonymous_0)
FN:11,(anonymous_1)
FN:12,(anonymous_2)
FN:17,(anonymous_3)
FNF:4
FNH:0
FNDA:0,(anonymous_0)
FNDA:0,(anonymous_1)
FNDA:0,(anonymous_2)
FNDA:0,(anonymous_3)
DA:6,0
DA:12,0
DA:13,0
DA:18,0
DA:19,0
DA:20,0
DA:27,0
LF:7
LH:0
BRF:0
BRH:0
end_of_record
TN:
SF:/Users/alexander.grisales/Projects/Personal/cafeto-software/appMobileCafeto/src/core/auth0/interfaces.ts
FNF:0
FNH:0
LF:0
LH:0
BRF:0
BRH:0
end_of_record
TN:
SF:/Users/alexander.grisales/Projects/Personal/cafeto-software/appMobileCafeto/src/core/authetication/authentication.ts
FN:7,(anonymous_0)
FN:9,(anonymous_1)
FN:13,(anonymous_2)
FN:17,(anonymous_3)
FN:21,(anonymous_4)
FN:25,(anonymous_5)
FN:29,(anonymous_6)
FNF:7
FNH:7
FNDA:1,(anonymous_0)
FNDA:1,(anonymous_1)
FNDA:2,(anonymous_2)
FNDA:1,(anonymous_3)
FNDA:1,(anonymous_4)
FNDA:2,(anonymous_5)
FNDA:1,(anonymous_6)
DA:4,1
DA:5,1
DA:10,1
DA:14,2
DA:18,1
DA:22,1
DA:26,2
DA:30,1
DA:34,1
LF:9
LH:9
BRF:0
BRH:0
end_of_record
TN:
SF:/Users/alexander.grisales/Projects/Personal/cafeto-software/appMobileCafeto/src/core/axios-instance/axios-instance.ts
FN:8,(anonymous_0)
FN:12,(anonymous_1)
FN:22,(anonymous_2)
FN:26,(anonymous_3)
FNF:4
FNH:0
FNDA:0,(anonymous_0)
FNDA:0,(anonymous_1)
FNDA:0,(anonymous_2)
FNDA:0,(anonymous_3)
DA:9,0
DA:13,0
DA:14,0
DA:15,0
DA:23,0
DA:27,0
DA:28,0
DA:32,0
DA:33,0
DA:38,0
LF:10
LH:0
BRDA:8,0,0,0
BRDA:22,1,0,0
BRF:2
BRH:0
end_of_record
TN:
SF:/Users/alexander.grisales/Projects/Personal/cafeto-software/appMobileCafeto/src/core/axios-instance/interceptors/index.ts
FN:5,(anonymous_0)
FN:5,(anonymous_1)
FN:14,(anonymous_2)
FN:14,(anonymous_3)
FN:16,(anonymous_4)
FN:16,(anonymous_5)
FN:28,(anonymous_6)
FN:31,(anonymous_7)
FN:37,(anonymous_8)
FNF:9
FNH:0
FNDA:0,(anonymous_0)
FNDA:0,(anonymous_1)
FNDA:0,(anonymous_2)
FNDA:0,(anonymous_3)
FNDA:0,(anonymous_4)
FNDA:0,(anonymous_5)
FNDA:0,(anonymous_6)
FNDA:0,(anonymous_7)
FNDA:0,(anonymous_8)
DA:5,0
DA:6,0
DA:7,0
DA:11,0
DA:14,0
DA:16,0
DA:17,0
DA:18,0
DA:19,0
DA:20,0
DA:24,0
DA:25,0
DA:26,0
DA:27,0
DA:28,0
DA:29,0
DA:32,0
DA:33,0
DA:34,0
DA:35,0
DA:36,0
DA:37,0
DA:43,0
LF:23
LH:0
BRDA:18,0,0,0
BRDA:19,1,0,0
BRDA:20,2,0,0
BRDA:20,2,1,0
BRDA:20,3,0,0
BRDA:20,3,1,0
BRF:6
BRH:0
end_of_record
TN:
SF:/Users/alexander.grisales/Projects/Personal/cafeto-software/appMobileCafeto/src/core/connector/connector-error.ts
FN:9,(anonymous_0)
FN:12,(anonymous_1)
FNF:2
FNH:0
FNDA:0,(anonymous_0)
FNDA:0,(anonymous_1)
DA:12,0
DA:13,0
DA:14,0
DA:15,0
DA:16,0
DA:18,0
DA:19,0
LF:7
LH:0
BRDA:13,0,0,0
BRDA:14,1,0,0
BRDA:15,2,0,0
BRDA:15,2,1,0
BRDA:18,3,0,0
BRDA:18,4,0,0
BRF:6
BRH:0
end_of_record
TN:
SF:/Users/alexander.grisales/Projects/Personal/cafeto-software/appMobileCafeto/src/core/connector/connector.ts
FN:7,(anonymous_0)
FN:9,(anonymous_1)
FN:13,(anonymous_2)
FN:16,(anonymous_3)
FN:17,(anonymous_4)
FN:21,(anonymous_5)
FN:22,(anonymous_6)
FN:25,(anonymous_7)
FN:26,(anonymous_8)
FN:29,(anonymous_9)
FN:30,(anonymous_10)
FN:33,(anonymous_11)
FN:34,(anonymous_12)
FN:38,(anonymous_13)
FN:39,(anonymous_14)
FN:42,(anonymous_15)
FN:43,(anonymous_16)
FNF:17
FNH:0
FNDA:0,(anonymous_0)
FNDA:0,(anonymous_1)
FNDA:0,(anonymous_2)
FNDA:0,(anonymous_3)
FNDA:0,(anonymous_4)
FNDA:0,(anonymous_5)
FNDA:0,(anonymous_6)
FNDA:0,(anonymous_7)
FNDA:0,(anonymous_8)
FNDA:0,(anonymous_9)
FNDA:0,(anonymous_10)
FNDA:0,(anonymous_11)
FNDA:0,(anonymous_12)
FNDA:0,(anonymous_13)
FNDA:0,(anonymous_14)
FNDA:0,(anonymous_15)
FNDA:0,(anonymous_16)
DA:13,0
DA:14,0
DA:16,0
DA:17,0
DA:22,0
DA:23,0
DA:25,0
DA:26,0
DA:30,0
DA:31,0
DA:33,0
DA:34,0
DA:39,0
DA:40,0
DA:42,0
DA:43,0
DA:48,0
LF:17
LH:0
BRDA:11,0,0,0
BRDA:21,1,0,0
BRDA:21,2,0,0
BRDA:29,3,0,0
BRDA:38,4,0,0
BRF:5
BRH:0
end_of_record
TN:
SF:/Users/alexander.grisales/Projects/Personal/cafeto-software/appMobileCafeto/src/core/jwt/jwt-interface.ts
FNF:0
FNH:0
LF:0
LH:0
BRF:0
BRH:0
end_of_record
TN:
SF:/Users/alexander.grisales/Projects/Personal/cafeto-software/appMobileCafeto/src/core/jwt/jwt-service.ts
FN:6,(anonymous_0)
FNF:1
FNH:0
FNDA:0,(anonymous_0)
DA:7,0
DA:11,0
LF:2
LH:0
BRF:0
BRH:0
end_of_record
TN:
SF:/Users/alexander.grisales/Projects/Personal/cafeto-software/appMobileCafeto/src/core/theme/button.ts
FNF:0
FNH:0
DA:4,0
DA:6,0
DA:13,0
DA:25,0
DA:31,0
DA:43,0
LF:6
LH:0
BRF:0
BRH:0
end_of_record
TN:
SF:/Users/alexander.grisales/Projects/Personal/cafeto-software/appMobileCafeto/src/core/theme/colors.ts
FNF:0
FNH:0
DA:1,0
LF:1
LH:0
BRF:0
BRH:0
end_of_record
TN:
SF:/Users/alexander.grisales/Projects/Personal/cafeto-software/appMobileCafeto/src/core/theme/index.ts
FNF:0
FNH:0
LF:0
LH:0
BRF:0
BRH:0
end_of_record
TN:
SF:/Users/alexander.grisales/Projects/Personal/cafeto-software/appMobileCafeto/src/core/theme/text-input.ts
FNF:0
FNH:0
DA:4,0
DA:6,0
DA:11,0
DA:18,0
LF:4
LH:0
BRF:0
BRH:0
end_of_record
TN:
SF:/Users/alexander.grisales/Projects/Personal/cafeto-software/appMobileCafeto/src/core/theme/validations.ts
FNF:0
FNH:0
DA:5,0
DA:7,0
LF:2
LH:0
BRF:0
BRH:0
end_of_record
TN:
SF:/Users/alexander.grisales/Projects/Personal/cafeto-software/appMobileCafeto/src/core/validations/index.ts
FNF:0
FNH:0
LF:0
LH:0
BRF:0
BRH:0
end_of_record
TN:
SF:/Users/alexander.grisales/Projects/Personal/cafeto-software/appMobileCafeto/src/core/validations/validation-messages.ts
FN:7,(anonymous_0)
FN:8,(anonymous_1)
FN:9,(anonymous_2)
FN:12,(anonymous_3)
FNF:4
FNH:0
FNDA:0,(anonymous_0)
FNDA:0,(anonymous_1)
FNDA:0,(anonymous_2)
FNDA:0,(anonymous_3)
DA:6,0
DA:7,0
DA:8,0
DA:9,0
DA:12,0
LF:5
LH:0
BRDA:8,0,0,0
BRDA:8,0,1,0
BRF:2
BRH:0
end_of_record
TN:
SF:/Users/alexander.grisales/Projects/Personal/cafeto-software/appMobileCafeto/src/core/validations/validations.ts
FN:1,(anonymous_0)
FN:3,(anonymous_1)
FNF:2
FNH:0
FNDA:0,(anonymous_0)
FNDA:0,(anonymous_1)
DA:1,0
DA:3,0
LF:2
LH:0
BRDA:3,0,0,0
BRDA:3,0,1,0
BRF:2
BRH:0
end_of_record
TN:
SF:/Users/alexander.grisales/Projects/Personal/cafeto-software/appMobileCafeto/src/services/index.ts
FNF:0
FNH:0
LF:0
LH:0
BRF:0
BRH:0
end_of_record
TN:
SF:/Users/alexander.grisales/Projects/Personal/cafeto-software/appMobileCafeto/src/services/auth/index.ts
FN:9,(anonymous_0)
FN:13,(anonymous_1)
FN:20,(anonymous_2)
FN:23,(anonymous_3)
FN:25,(anonymous_4)
FNF:5
FNH:0
FNDA:0,(anonymous_0)
FNDA:0,(anonymous_1)
FNDA:0,(anonymous_2)
FNDA:0,(anonymous_3)
FNDA:0,(anonymous_4)
DA:10,0
DA:14,0
DA:15,0
DA:16,0
DA:20,0
DA:24,0
DA:25,0
DA:29,0
LF:8
LH:0
BRF:0
BRH:0
end_of_record
TN:
SF:/Users/alexander.grisales/Projects/Personal/cafeto-software/appMobileCafeto/src/services/auth/interface.ts
FNF:0
FNH:0
LF:0
LH:0
BRF:0
BRH:0
end_of_record
TN:
SF:/Users/alexander.grisales/Projects/Personal/cafeto-software/appMobileCafeto/src/services/event/index.ts
FN:11,(anonymous_0)
FN:15,(anonymous_1)
FN:18,(anonymous_2)
FN:36,(anonymous_3)
FN:41,(anonymous_4)
FN:43,(anonymous_5)
FN:46,(anonymous_6)
FN:51,(anonymous_7)
FN:59,(anonymous_8)
FN:61,(anonymous_9)
FN:64,(anonymous_10)
FN:66,(anonymous_11)
FN:69,(anonymous_12)
FNF:13
FNH:0
FNDA:0,(anonymous_0)
FNDA:0,(anonymous_1)
FNDA:0,(anonymous_2)
FNDA:0,(anonymous_3)
FNDA:0,(anonymous_4)
FNDA:0,(anonymous_5)
FNDA:0,(anonymous_6)
FNDA:0,(anonymous_7)
FNDA:0,(anonymous_8)
FNDA:0,(anonymous_9)
FNDA:0,(anonymous_10)
FNDA:0,(anonymous_11)
FNDA:0,(anonymous_12)
DA:9,0
DA:12,0
DA:16,0
DA:17,0
DA:18,0
DA:19,0
DA:20,0
DA:22,0
DA:26,0
DA:27,0
DA:33,0
DA:37,0
DA:38,0
DA:42,0
DA:43,0
DA:44,0
DA:46,0
DA:52,0
DA:53,0
DA:54,0
DA:56,0
DA:60,0
DA:61,0
DA:65,0
DA:66,0
DA:67,0
DA:69,0
DA:75,0
LF:28
LH:0
BRDA:19,0,0,0
BRDA:19,0,1,0
BRDA:20,1,0,0
BRDA:20,1,1,0
BRDA:20,1,2,0
BRDA:22,2,0,0
BRDA:22,2,1,0
BRDA:26,3,0,0
BRDA:26,3,1,0
BRDA:53,4,0,0
BRDA:53,4,1,0
BRF:11
BRH:0
end_of_record
TN:
SF:/Users/alexander.grisales/Projects/Personal/cafeto-software/appMobileCafeto/src/services/event/interface.ts
FNF:0
FNH:0
LF:0
LH:0
BRF:0
BRH:0
end_of_record
TN:
SF:/Users/alexander.grisales/Projects/Personal/cafeto-software/appMobileCafeto/src/store/index.ts
FN:5,(anonymous_0)
FNF:1
FNH:0
FNDA:0,(anonymous_0)
DA:5,0
DA:6,0
LF:2
LH:0
BRF:0
BRH:0
end_of_record
TN:
SF:/Users/alexander.grisales/Projects/Personal/cafeto-software/appMobileCafeto/src/store/actions/index.ts
FNF:0
FNH:0
LF:0
LH:0
BRF:0
BRH:0
end_of_record
TN:
SF:/Users/alexander.grisales/Projects/Personal/cafeto-software/appMobileCafeto/src/store/actions/authentication-token/index.ts
FN:4,(anonymous_0)
FN:9,(anonymous_1)
FN:14,(anonymous_2)
FN:19,(anonymous_3)
FN:23,(anonymous_4)
FN:23,(anonymous_5)
FN:26,(anonymous_6)
FN:30,(anonymous_7)
FN:33,(anonymous_8)
FN:33,(anonymous_9)
FN:36,(anonymous_10)
FN:37,(anonymous_11)
FNF:12
FNH:0
FNDA:0,(anonymous_0)
FNDA:0,(anonymous_1)
FNDA:0,(anonymous_2)
FNDA:0,(anonymous_3)
FNDA:0,(anonymous_4)
FNDA:0,(anonymous_5)
FNDA:0,(anonymous_6)
FNDA:0,(anonymous_7)
FNDA:0,(anonymous_8)
FNDA:0,(anonymous_9)
FNDA:0,(anonymous_10)
FNDA:0,(anonymous_11)
DA:4,0
DA:9,0
DA:14,0
DA:19,0
DA:23,0
DA:24,0
DA:25,0
DA:27,0
DA:28,0
DA:30,0
DA:33,0
DA:34,0
DA:35,0
DA:36,0
DA:37,0
LF:15
LH:0
BRDA:4,0,0,0
BRF:1
BRH:0
end_of_record
TN:
SF:/Users/alexander.grisales/Projects/Personal/cafeto-software/appMobileCafeto/src/store/actions/authentication-token/interfaces.ts
FNF:0
FNH:0
LF:0
LH:0
BRF:0
BRH:0
end_of_record
TN:
SF:/Users/alexander.grisales/Projects/Personal/cafeto-software/appMobileCafeto/src/store/actions/login/auth0.ts
FN:6,(anonymous_0)
FN:6,(anonymous_1)
FN:10,(anonymous_2)
FN:21,(anonymous_3)
FNF:4
FNH:0
FNDA:0,(anonymous_0)
FNDA:0,(anonymous_1)
FNDA:0,(anonymous_2)
FNDA:0,(anonymous_3)
DA:6,0
DA:7,0
DA:8,0
DA:11,0
DA:12,0
DA:13,0
DA:14,0
DA:15,0
DA:16,0
DA:17,0
DA:18,0
DA:19,0
DA:22,0
DA:23,0
LF:14
LH:0
BRDA:12,0,0,0
BRDA:12,0,1,0
BRF:2
BRH:0
end_of_record
TN:
SF:/Users/alexander.grisales/Projects/Personal/cafeto-software/appMobileCafeto/src/store/actions/login/index.ts
FN:6,(anonymous_0)
FN:11,(anonymous_1)
FN:16,(anonymous_2)
FN:21,(anonymous_3)
FN:25,(anonymous_4)
FN:25,(anonymous_5)
FN:30,(anonymous_6)
FN:38,(anonymous_7)
FN:45,(anonymous_8)
FN:45,(anonymous_9)
FN:49,(anonymous_10)
FN:55,(anonymous_11)
FNF:12
FNH:0
FNDA:0,(anonymous_0)
FNDA:0,(anonymous_1)
FNDA:0,(anonymous_2)
FNDA:0,(anonymous_3)
FNDA:0,(anonymous_4)
FNDA:0,(anonymous_5)
FNDA:0,(anonymous_6)
FNDA:0,(anonymous_7)
FNDA:0,(anonymous_8)
FNDA:0,(anonymous_9)
FNDA:0,(anonymous_10)
FNDA:0,(anonymous_11)
DA:6,0
DA:11,0
DA:16,0
DA:21,0
DA:25,0
DA:26,0
DA:27,0
DA:28,0
DA:31,0
DA:32,0
DA:33,0
DA:34,0
DA:35,0
DA:36,0
DA:39,0
DA:40,0
DA:41,0
DA:45,0
DA:46,0
DA:47,0
DA:50,0
DA:51,0
DA:52,0
DA:53,0
DA:56,0
LF:25
LH:0
BRDA:6,0,0,0
BRF:1
BRH:0
end_of_record
TN:
SF:/Users/alexander.grisales/Projects/Personal/cafeto-software/appMobileCafeto/src/store/actions/login/interfaces.ts
FNF:0
FNH:0
LF:0
LH:0
BRF:0
BRH:0
end_of_record
TN:
SF:/Users/alexander.grisales/Projects/Personal/cafeto-software/appMobileCafeto/src/store/middleware/index.ts
FNF:0
FNH:0
LF:0
LH:0
BRF:0
BRH:0
end_of_record
TN:
SF:/Users/alexander.grisales/Projects/Personal/cafeto-software/appMobileCafeto/src/store/reducers/index.ts
FNF:0
FNH:0
LF:0
LH:0
BRF:0
BRH:0
end_of_record
TN:
SF:/Users/alexander.grisales/Projects/Personal/cafeto-software/appMobileCafeto/src/store/reducers/authentication-token/index.ts
FN:18,(anonymous_0)
FNF:1
FNH:0
FNDA:0,(anonymous_0)
DA:3,0
DA:11,0
DA:18,0
DA:19,0
DA:21,0
DA:23,0
DA:25,0
DA:27,0
DA:29,0
LF:9
LH:0
BRDA:18,0,0,0
BRDA:19,1,0,0
BRDA:19,1,1,0
BRDA:19,1,2,0
BRDA:19,1,3,0
BRDA:19,1,4,0
BRF:6
BRH:0
end_of_record
TN:
SF:/Users/alexander.grisales/Projects/Personal/cafeto-software/appMobileCafeto/src/store/reducers/login/index.ts
FN:16,(anonymous_0)
FNF:1
FNH:0
FNDA:0,(anonymous_0)
DA:3,0
DA:10,0
DA:16,0
DA:17,0
DA:19,0
DA:26,0
DA:27,0
DA:33,0
DA:38,0
DA:40,0
LF:10
LH:0
BRDA:16,0,0,0
BRDA:17,1,0,0
BRDA:17,1,1,0
BRDA:17,1,2,0
BRDA:17,1,3,0
BRDA:17,1,4,0
BRF:6
BRH:0
end_of_record
TN:
SF:/Users/alexander.grisales/Projects/Personal/cafeto-software/appMobileCafeto/src/store/selectors/index.ts
FNF:0
FNH:0
LF:0
LH:0
BRF:0
BRH:0
end_of_record
TN:
SF:/Users/alexander.grisales/Projects/Personal/cafeto-software/appMobileCafeto/src/store/selectors/authentication-token/index.ts
FN:4,(anonymous_0)
FN:8,(anonymous_1)
FN:13,(anonymous_2)
FN:18,(anonymous_3)
FNF:4
FNH:0
FNDA:0,(anonymous_0)
FNDA:0,(anonymous_1)
FNDA:0,(anonymous_2)
FNDA:0,(anonymous_3)
DA:4,0
DA:6,0
DA:8,0
DA:11,0
DA:13,0
DA:16,0
DA:18,0
LF:7
LH:0
BRF:0
BRH:0
end_of_record
TN:
SF:/Users/alexander.grisales/Projects/Personal/cafeto-software/appMobileCafeto/src/store/selectors/login/index.ts
FN:5,(anonymous_0)
FN:7,(anonymous_1)
FN:9,(anonymous_2)
FN:11,(anonymous_3)
FNF:4
FNH:0
FNDA:0,(anonymous_0)
FNDA:0,(anonymous_1)
FNDA:0,(anonymous_2)
FNDA:0,(anonymous_3)
DA:5,0
DA:7,0
DA:9,0
DA:11,0
LF:4
LH:0
BRF:0
BRH:0
end_of_record
